#
# There is insufficient memory for the Java Runtime Environment to continue.
# Native memory allocation (malloc) failed to allocate 1306416 bytes for Chunk::new
# Possible reasons:
#   The system is out of physical RAM or swap space
#   The process is running with CompressedOops enabled, and the Java Heap may be blocking the growth of the native heap
# Possible solutions:
#   Reduce memory load on the system
#   Increase physical memory or swap space
#   Check if swap backing store is full
#   Decrease Java heap size (-Xmx/-Xms)
#   Decrease number of Java threads
#   Decrease Java thread stack sizes (-Xss)
#   Set larger code cache with -XX:ReservedCodeCacheSize=
#   JVM is running with Zero Based Compressed Oops mode in which the Java heap is
#     placed in the first 32GB address space. The Java Heap base address is the
#     maximum limit for the native heap growth. Please use -XX:HeapBaseMinAddress
#     to set the Java Heap base and to place the Java Heap above 32GB virtual address.
# This output file may be truncated or incomplete.
#
#  Out of Memory Error (allocation.cpp:389), pid=23784, tid=0x000000000000173c
#
# JRE version: OpenJDK Runtime Environment (8.0_242-b01) (build 1.8.0_242-release-1644-b01)
# Java VM: OpenJDK 64-Bit Server VM (25.242-b01 mixed mode windows-amd64 compressed oops)
# Failed to write core dump. Minidumps are not enabled by default on client versions of Windows
#

---------------  T H R E A D  ---------------

Current thread (0x000000001e5bd000):  JavaThread "C2 CompilerThread1" daemon [_thread_in_native, id=5948, stack(0x000000001fd00000,0x000000001fe00000)]

Stack: [0x000000001fd00000,0x000000001fe00000]
[error occurred during error reporting (printing stack bounds), id 0xc0000005]

Native frames: (J=compiled Java code, j=interpreted, Vv=VM code, C=native code)


Current CompileTask:
C2:   6248 9194       4       org.jetbrains.kotlin.cli.jvm.index.JvmDependenciesIndexImpl::search (394 bytes)


---------------  P R O C E S S  ---------------

Java Threads: ( => current thread )
  0x000000001e64e000 JavaThread "Service Thread" daemon [_thread_blocked, id=25408, stack(0x0000000020000000,0x0000000020100000)]
  0x000000001e5c2800 JavaThread "C1 CompilerThread3" daemon [_thread_in_vm, id=19752, stack(0x000000001ff00000,0x0000000020000000)]
  0x000000001e5c1800 JavaThread "C2 CompilerThread2" daemon [_thread_in_native, id=20248, stack(0x000000001fe00000,0x000000001ff00000)]
=>0x000000001e5bd000 JavaThread "C2 CompilerThread1" daemon [_thread_in_native, id=5948, stack(0x000000001fd00000,0x000000001fe00000)]
  0x000000001e5b5000 JavaThread "C2 CompilerThread0" daemon [_thread_in_native, id=9388, stack(0x000000001fc00000,0x000000001fd00000)]
  0x000000001e5b4000 JavaThread "Attach Listener" daemon [_thread_blocked, id=14608, stack(0x000000001fb00000,0x000000001fc00000)]
  0x000000001cede000 JavaThread "Signal Dispatcher" daemon [_thread_blocked, id=15456, stack(0x000000001fa00000,0x000000001fb00000)]
  0x000000000331b000 JavaThread "Finalizer" daemon [_thread_blocked, id=8428, stack(0x000000001f800000,0x000000001f900000)]
  0x000000001e5a3000 JavaThread "Reference Handler" daemon [_thread_blocked, id=15640, stack(0x000000001f700000,0x000000001f800000)]
  0x00000000018be800 JavaThread "main" [_thread_in_Java, id=23016, stack(0x0000000003120000,0x0000000003220000)]

Other Threads:
  0x000000001cec6000 VMThread [stack: 0x000000001f600000,0x000000001f700000] [id=20524]
  0x000000001e64f000 WatcherThread [stack: 0x0000000020100000,0x0000000020200000] [id=20232]

VM state:not at safepoint (normal execution)

VM Mutex/Monitor currently owned by a thread: None

heap address: 0x00000006c2600000, size: 4058 MB, Compressed Oops mode: Zero based, Oop shift amount: 3
Narrow klass base: 0x0000000000000000, Narrow klass shift: 3
Compressed class space size: 1073741824 Address: 0x00000007c0000000

Heap:
 PSYoungGen      total 191488K, used 46004K [0x000000076b780000, 0x000000077f300000, 0x00000007c0000000)
  eden space 180736K, 19% used [0x000000076b780000,0x000000076d9f2ea0,0x0000000776800000)
  from space 10752K, 99% used [0x0000000776800000,0x000000077727a550,0x0000000777280000)
  to   space 45056K, 0% used [0x000000077c700000,0x000000077c700000,0x000000077f300000)
 ParOldGen       total 213504K, used 75896K [0x00000006c2600000, 0x00000006cf680000, 0x000000076b780000)
  object space 213504K, 35% used [0x00000006c2600000,0x00000006c701e2e8,0x00000006cf680000)
 Metaspace       used 56718K, capacity 57826K, committed 58024K, reserved 1099776K
  class space    used 6948K, capacity 7262K, committed 7344K, reserved 1048576K

Card table byte_map: [0x00000000126e0000,0x0000000012ed0000] byte_map_base: 0x000000000f0cd000

Marking Bits: (ParMarkBitMap*) 0x000000005863f030
 Begin Bits: [0x0000000013e20000, 0x0000000017d88000)
 End Bits:   [0x0000000017d88000, 0x000000001bcf0000)

Polling page: 0x0000000001270000

CodeCache: size=245760Kb used=36051Kb max_used=36051Kb free=209709Kb
 bounds [0x0000000003320000, 0x0000000005680000, 0x0000000012320000]
 total_blobs=8781 nmethods=8285 adapters=407
 compilation: enabled

Compilation events (10 events):
Event: 6.243 Thread 0x000000001e5c2800 9504       3       org.jetbrains.kotlin.resolve.calls.ArgumentTypeResolver::getFunctionLiteralArgumentIfAny (27 bytes)
Event: 6.243 Thread 0x000000001e5c2800 nmethod 9504 0x000000000566d510 code [0x000000000566d6a0, 0x000000000566d908]
Event: 6.243 Thread 0x000000001e5c2800 9511       3       org.jetbrains.kotlin.resolve.calls.tower.PSICallResolver$runResolutionAndInference$result$1::invoke (5 bytes)
Event: 6.244 Thread 0x000000001e5c2800 nmethod 9511 0x000000000566da10 code [0x000000000566db80, 0x000000000566de68]
Event: 6.244 Thread 0x000000001e5c2800 9512       3       org.jetbrains.kotlin.resolve.calls.tower.MemberScopeTowerLevel::getVariables (25 bytes)
Event: 6.244 Thread 0x000000001e5c2800 nmethod 9512 0x000000000566df50 code [0x000000000566e140, 0x000000000566e9e8]
Event: 6.244 Thread 0x000000001e5c2800 9513       3       org.jetbrains.kotlin.resolve.calls.tower.MemberScopeTowerLevel$getVariables$1::<init> (21 bytes)
Event: 6.244 Thread 0x000000001e5c2800 nmethod 9513 0x000000000566ef10 code [0x000000000566f080, 0x000000000566f2f0]
Event: 6.244 Thread 0x000000001e5c2800 9514       3       org.jetbrains.kotlin.resolve.calls.tower.MemberScopeTowerLevel::getObjects (14 bytes)
Event: 6.245 Thread 0x000000001e5c2800 nmethod 9514 0x000000000566f3d0 code [0x000000000566f5a0, 0x000000000566fc78]

GC Heap History (10 events):
Event: 1.070 GC heap before
{Heap before GC invocations=3 (full 1):
 PSYoungGen      total 140800K, used 10402K [0x000000076b780000, 0x0000000774b80000, 0x00000007c0000000)
  eden space 130048K, 0% used [0x000000076b780000,0x000000076b780000,0x0000000773680000)
  from space 10752K, 96% used [0x0000000774100000,0x0000000774b28a88,0x0000000774b80000)
  to   space 10752K, 0% used [0x0000000773680000,0x0000000773680000,0x0000000774100000)
 ParOldGen       total 173568K, used 4148K [0x00000006c2600000, 0x00000006ccf80000, 0x000000076b780000)
  object space 173568K, 2% used [0x00000006c2600000,0x00000006c2a0d060,0x00000006ccf80000)
 Metaspace       used 20813K, capacity 21212K, committed 21296K, reserved 1069056K
  class space    used 2443K, capacity 2600K, committed 2608K, reserved 1048576K
Event: 1.096 GC heap after
Heap after GC invocations=3 (full 1):
 PSYoungGen      total 140800K, used 0K [0x000000076b780000, 0x0000000774b80000, 0x00000007c0000000)
  eden space 130048K, 0% used [0x000000076b780000,0x000000076b780000,0x0000000773680000)
  from space 10752K, 0% used [0x0000000774100000,0x0000000774100000,0x0000000774b80000)
  to   space 10752K, 0% used [0x0000000773680000,0x0000000773680000,0x0000000774100000)
 ParOldGen       total 118272K, used 10025K [0x00000006c2600000, 0x00000006c9980000, 0x000000076b780000)
  object space 118272K, 8% used [0x00000006c2600000,0x00000006c2fca588,0x00000006c9980000)
 Metaspace       used 20813K, capacity 21212K, committed 21296K, reserved 1069056K
  class space    used 2443K, capacity 2600K, committed 2608K, reserved 1048576K
}
Event: 2.211 GC heap before
{Heap before GC invocations=4 (full 1):
 PSYoungGen      total 140800K, used 99282K [0x000000076b780000, 0x0000000774b80000, 0x00000007c0000000)
  eden space 130048K, 76% used [0x000000076b780000,0x0000000771874b80,0x0000000773680000)
  from space 10752K, 0% used [0x0000000774100000,0x0000000774100000,0x0000000774b80000)
  to   space 10752K, 0% used [0x0000000773680000,0x0000000773680000,0x0000000774100000)
 ParOldGen       total 118272K, used 10025K [0x00000006c2600000, 0x00000006c9980000, 0x000000076b780000)
  object space 118272K, 8% used [0x00000006c2600000,0x00000006c2fca588,0x00000006c9980000)
 Metaspace       used 34789K, capacity 35244K, committed 35496K, reserved 1081344K
  class space    used 4340K, capacity 4483K, committed 4528K, reserved 1048576K
Event: 2.223 GC heap after
Heap after GC invocations=4 (full 1):
 PSYoungGen      total 140800K, used 10721K [0x000000076b780000, 0x0000000777d00000, 0x00000007c0000000)
  eden space 130048K, 0% used [0x000000076b780000,0x000000076b780000,0x0000000773680000)
  from space 10752K, 99% used [0x0000000773680000,0x00000007740f8478,0x0000000774100000)
  to   space 10752K, 0% used [0x0000000777280000,0x0000000777280000,0x0000000777d00000)
 ParOldGen       total 118272K, used 23476K [0x00000006c2600000, 0x00000006c9980000, 0x000000076b780000)
  object space 118272K, 19% used [0x00000006c2600000,0x00000006c3ced3d0,0x00000006c9980000)
 Metaspace       used 34789K, capacity 35244K, committed 35496K, reserved 1081344K
  class space    used 4340K, capacity 4483K, committed 4528K, reserved 1048576K
}
Event: 2.223 GC heap before
{Heap before GC invocations=5 (full 2):
 PSYoungGen      total 140800K, used 10721K [0x000000076b780000, 0x0000000777d00000, 0x00000007c0000000)
  eden space 130048K, 0% used [0x000000076b780000,0x000000076b780000,0x0000000773680000)
  from space 10752K, 99% used [0x0000000773680000,0x00000007740f8478,0x0000000774100000)
  to   space 10752K, 0% used [0x0000000777280000,0x0000000777280000,0x0000000777d00000)
 ParOldGen       total 118272K, used 23476K [0x00000006c2600000, 0x00000006c9980000, 0x000000076b780000)
  object space 118272K, 19% used [0x00000006c2600000,0x00000006c3ced3d0,0x00000006c9980000)
 Metaspace       used 34789K, capacity 35244K, committed 35496K, reserved 1081344K
  class space    used 4340K, capacity 4483K, committed 4528K, reserved 1048576K
Event: 2.256 GC heap after
Heap after GC invocations=5 (full 2):
 PSYoungGen      total 140800K, used 0K [0x000000076b780000, 0x0000000777d00000, 0x00000007c0000000)
  eden space 130048K, 0% used [0x000000076b780000,0x000000076b780000,0x0000000773680000)
  from space 10752K, 0% used [0x0000000773680000,0x0000000773680000,0x0000000774100000)
  to   space 10752K, 0% used [0x0000000777280000,0x0000000777280000,0x0000000777d00000)
 ParOldGen       total 213504K, used 29363K [0x00000006c2600000, 0x00000006cf680000, 0x000000076b780000)
  object space 213504K, 13% used [0x00000006c2600000,0x00000006c42acfb0,0x00000006cf680000)
 Metaspace       used 34789K, capacity 35244K, committed 35496K, reserved 1081344K
  class space    used 4340K, capacity 4483K, committed 4528K, reserved 1048576K
}
Event: 3.545 GC heap before
{Heap before GC invocations=6 (full 2):
 PSYoungGen      total 140800K, used 130048K [0x000000076b780000, 0x0000000777d00000, 0x00000007c0000000)
  eden space 130048K, 100% used [0x000000076b780000,0x0000000773680000,0x0000000773680000)
  from space 10752K, 0% used [0x0000000773680000,0x0000000773680000,0x0000000774100000)
  to   space 10752K, 0% used [0x0000000777280000,0x0000000777280000,0x0000000777d00000)
 ParOldGen       total 213504K, used 29363K [0x00000006c2600000, 0x00000006cf680000, 0x000000076b780000)
  object space 213504K, 13% used [0x00000006c2600000,0x00000006c42acfb0,0x00000006cf680000)
 Metaspace       used 45859K, capacity 46616K, committed 46888K, reserved 1089536K
  class space    used 5646K, capacity 5903K, committed 5936K, reserved 1048576K
Event: 3.557 GC heap after
Heap after GC invocations=6 (full 2):
 PSYoungGen      total 185344K, used 10744K [0x000000076b780000, 0x0000000777d00000, 0x00000007c0000000)
  eden space 174592K, 0% used [0x000000076b780000,0x000000076b780000,0x0000000776200000)
  from space 10752K, 99% used [0x0000000777280000,0x0000000777cfe340,0x0000000777d00000)
  to   space 10752K, 0% used [0x0000000776800000,0x0000000776800000,0x0000000777280000)
 ParOldGen       total 213504K, used 45219K [0x00000006c2600000, 0x00000006cf680000, 0x000000076b780000)
  object space 213504K, 21% used [0x00000006c2600000,0x00000006c5228ed0,0x00000006cf680000)
 Metaspace       used 45859K, capacity 46616K, committed 46888K, reserved 1089536K
  class space    used 5646K, capacity 5903K, committed 5936K, reserved 1048576K
}
Event: 5.576 GC heap before
{Heap before GC invocations=7 (full 2):
 PSYoungGen      total 185344K, used 185336K [0x000000076b780000, 0x0000000777d00000, 0x00000007c0000000)
  eden space 174592K, 100% used [0x000000076b780000,0x0000000776200000,0x0000000776200000)
  from space 10752K, 99% used [0x0000000777280000,0x0000000777cfe340,0x0000000777d00000)
  to   space 10752K, 0% used [0x0000000776800000,0x0000000776800000,0x0000000777280000)
 ParOldGen       total 213504K, used 45219K [0x00000006c2600000, 0x00000006cf680000, 0x000000076b780000)
  object space 213504K, 21% used [0x00000006c2600000,0x00000006c5228ed0,0x00000006cf680000)
 Metaspace       used 54221K, capacity 55214K, committed 55592K, reserved 1097728K
  class space    used 6568K, capacity 6864K, committed 6960K, reserved 1048576K
Event: 5.599 GC heap after
Heap after GC invocations=7 (full 2):
 PSYoungGen      total 191488K, used 10729K [0x000000076b780000, 0x000000077f300000, 0x00000007c0000000)
  eden space 180736K, 0% used [0x000000076b780000,0x000000076b780000,0x0000000776800000)
  from space 10752K, 99% used [0x0000000776800000,0x000000077727a550,0x0000000777280000)
  to   space 45056K, 0% used [0x000000077c700000,0x000000077c700000,0x000000077f300000)
 ParOldGen       total 213504K, used 75896K [0x00000006c2600000, 0x00000006cf680000, 0x000000076b780000)
  object space 213504K, 35% used [0x00000006c2600000,0x00000006c701e2e8,0x00000006cf680000)
 Metaspace       used 54221K, capacity 55214K, committed 55592K, reserved 1097728K
  class space    used 6568K, capacity 6864K, committed 6960K, reserved 1048576K
}

Deoptimization events (10 events):
Event: 5.998 Thread 0x00000000018be800 Uncommon trap: reason=unstable_if action=reinterpret pc=0x0000000003b3a4a8 method=org.jetbrains.kotlin.util.slicedMap.OpenAddressLinearProbingHashTable.get(Ljava/lang/Object;)Ljava/lang/Object; @ 85
Event: 6.048 Thread 0x00000000018be800 Uncommon trap: reason=speculate_class_check action=maybe_recompile pc=0x00000000054cd1dc method=org.jetbrains.kotlin.resolve.calls.inference.components.NewTypeSubstitutor$DefaultImpls.substitute(Lorg/jetbrains/kotlin/resolve/calls/inference/components/New
Event: 6.048 Thread 0x00000000018be800 Uncommon trap: reason=speculate_class_check action=maybe_recompile pc=0x00000000054cd1dc method=org.jetbrains.kotlin.resolve.calls.inference.components.NewTypeSubstitutor$DefaultImpls.substitute(Lorg/jetbrains/kotlin/resolve/calls/inference/components/New
Event: 6.049 Thread 0x00000000018be800 Uncommon trap: reason=speculate_class_check action=maybe_recompile pc=0x00000000054cd1dc method=org.jetbrains.kotlin.resolve.calls.inference.components.NewTypeSubstitutor$DefaultImpls.substitute(Lorg/jetbrains/kotlin/resolve/calls/inference/components/New
Event: 6.049 Thread 0x00000000018be800 Uncommon trap: reason=speculate_class_check action=maybe_recompile pc=0x00000000054cd1dc method=org.jetbrains.kotlin.resolve.calls.inference.components.NewTypeSubstitutor$DefaultImpls.substitute(Lorg/jetbrains/kotlin/resolve/calls/inference/components/New
Event: 6.173 Thread 0x00000000018be800 Uncommon trap: reason=bimorphic action=maybe_recompile pc=0x0000000003f36fa8 method=org.jetbrains.org.objectweb.asm.ClassReader.readField(Lorg/jetbrains/org/objectweb/asm/ClassVisitor;Lorg/jetbrains/org/objectweb/asm/Context;I)I @ 453
Event: 6.173 Thread 0x00000000018be800 Uncommon trap: reason=bimorphic action=maybe_recompile pc=0x0000000003f36fa8 method=org.jetbrains.org.objectweb.asm.ClassReader.readField(Lorg/jetbrains/org/objectweb/asm/ClassVisitor;Lorg/jetbrains/org/objectweb/asm/Context;I)I @ 453
Event: 6.181 Thread 0x00000000018be800 Uncommon trap: reason=unstable_if action=reinterpret pc=0x00000000053535a8 method=org.jetbrains.kotlin.utils.SmartSet.add(Ljava/lang/Object;)Z @ 94
Event: 6.181 Thread 0x00000000018be800 Uncommon trap: reason=unstable_if action=reinterpret pc=0x00000000051d2b7c method=org.jetbrains.kotlin.builtins.FunctionTypesKt.isSuspendFunctionType(Lorg/jetbrains/kotlin/types/KotlinType;)Z @ 33
Event: 6.219 Thread 0x00000000018be800 Uncommon trap: reason=class_check action=maybe_recompile pc=0x0000000004277e4c method=org.jetbrains.kotlin.com.intellij.psi.impl.source.CharTableImpl$StringHashToCharSequencesMap.getSubSequenceWithHashCode(ILjava/lang/CharSequence;II)Ljava/lang/CharSequen

Classes redefined (0 events):
No events

Internal exceptions (10 events):
Event: 5.544 Thread 0x00000000018be800 Exception <a 'java/lang/NoSuchMethodError': java.lang.Object.lambda$static$0(I)[Lorg/jetbrains/kotlin/com/intellij/psi/PsiJavaCodeReferenceElement;> (0x0000000776062360) thrown at [C:\src\AOSP-openjdk-git\hotspot\src\share\vm\interpreter\linkResolver.cpp,
Event: 5.551 Thread 0x00000000018be800 Exception <a 'java/lang/NoSuchMethodError': java.lang.Object.lambda$static$0()Lorg/jetbrains/kotlin/com/intellij/psi/PsiSubstitutor;> (0x00000007760eb238) thrown at [C:\src\AOSP-openjdk-git\hotspot\src\share\vm\interpreter\linkResolver.cpp, line 620]
Event: 5.556 Thread 0x00000000018be800 Exception <a 'java/lang/NoSuchMethodError': java.lang.Object.lambda$static$0(I)[Lorg/jetbrains/kotlin/com/intellij/psi/PsiImportStatementBase;> (0x000000077614de58) thrown at [C:\src\AOSP-openjdk-git\hotspot\src\share\vm\interpreter\linkResolver.cpp, line
Event: 5.672 Thread 0x00000000018be800 Exception <a 'java/lang/NoSuchMethodError': java.lang.Object.lambda$static$0(I)[Lorg/jetbrains/kotlin/com/intellij/psi/PsiMethod;> (0x000000076bbc8dd0) thrown at [C:\src\AOSP-openjdk-git\hotspot\src\share\vm\interpreter\linkResolver.cpp, line 620]
Event: 5.679 Thread 0x00000000018be800 Exception <a 'java/lang/NoSuchMethodError': java.lang.Object.lambda$static$0(I)[Lorg/jetbrains/kotlin/com/intellij/psi/PsiField;> (0x000000076bc3dea0) thrown at [C:\src\AOSP-openjdk-git\hotspot\src\share\vm\interpreter\linkResolver.cpp, line 620]
Event: 5.683 Thread 0x00000000018be800 Exception <a 'java/lang/NoSuchMethodError': java.lang.Object.lambda$static$0(I)[Lorg/jetbrains/kotlin/com/intellij/psi/PsiParameter;> (0x000000076bc7a790) thrown at [C:\src\AOSP-openjdk-git\hotspot\src\share\vm\interpreter\linkResolver.cpp, line 620]
Event: 5.699 Thread 0x00000000018be800 Exception <a 'java/lang/NoSuchMethodError': java.lang.Object.lambda$static$0(I)I> (0x000000076bd71538) thrown at [C:\src\AOSP-openjdk-git\hotspot\src\share\vm\interpreter\linkResolver.cpp, line 620]
Event: 5.736 Thread 0x00000000018be800 Exception <a 'java/lang/NoSuchMethodError': java.lang.Object.lambda$static$0(I)[Lorg/jetbrains/kotlin/com/intellij/psi/PsiNameValuePair;> (0x000000076bf713c8) thrown at [C:\src\AOSP-openjdk-git\hotspot\src\share\vm\interpreter\linkResolver.cpp, line 620]
Event: 5.739 Thread 0x00000000018be800 Exception <a 'java/lang/NoSuchMethodError': java.lang.Object.lambda$static$0(I)[Lorg/jetbrains/kotlin/com/intellij/psi/PsiAnnotationMemberValue;> (0x000000076bf8d380) thrown at [C:\src\AOSP-openjdk-git\hotspot\src\share\vm\interpreter\linkResolver.cpp, li
Event: 5.744 Thread 0x00000000018be800 Exception <a 'java/lang/IncompatibleClassChangeError': Found class java.lang.Object, but interface was expected> (0x000000076bfb1ff0) thrown at [C:\src\AOSP-openjdk-git\hotspot\src\share\vm\interpreter\linkResolver.cpp, line 653]

Events (10 events):
Event: 6.183 loading class org/jetbrains/kotlin/resolve/calls/callUtil/CallUtilKt$getValueArgumentForExpression$1 done
Event: 6.183 loading class org/jetbrains/kotlin/resolve/calls/callUtil/CallUtilKt$getValueArgumentForExpression$2
Event: 6.183 loading class org/jetbrains/kotlin/resolve/calls/callUtil/CallUtilKt$getValueArgumentForExpression$2 done
Event: 6.183 loading class org/jetbrains/kotlin/resolve/calls/callUtil/CallUtilKt$getValueArgumentForExpression$2$1
Event: 6.183 loading class org/jetbrains/kotlin/resolve/calls/callUtil/CallUtilKt$getValueArgumentForExpression$2$1 done
Event: 6.214 loading class org/jetbrains/kotlin/types/expressions/FunctionsTypingVisitor$collectReturns$3
Event: 6.214 loading class org/jetbrains/kotlin/types/expressions/FunctionsTypingVisitor$collectReturns$3 done
Event: 6.219 Thread 0x00000000018be800 Uncommon trap: trap_request=0xffffffde fr.pc=0x0000000004277e4c
Event: 6.219 Thread 0x00000000018be800 DEOPT PACKING pc=0x0000000004277e4c sp=0x000000000321c460
Event: 6.219 Thread 0x00000000018be800 DEOPT UNPACKING pc=0x000000000336557b sp=0x000000000321c308 mode 2


Dynamic libraries:
0x00007ff600c80000 - 0x00007ff600cb1000 	D:\Android\jre\jre\bin\java.exe
0x00007ffcf0740000 - 0x00007ffcf0930000 	C:\WINDOWS\SYSTEM32\ntdll.dll
0x00007ffcf0080000 - 0x00007ffcf0132000 	C:\WINDOWS\System32\KERNEL32.DLL
0x00007ffcedfd0000 - 0x00007ffcee275000 	C:\WINDOWS\System32\KERNELBASE.dll
0x00007ffcef870000 - 0x00007ffcef913000 	C:\WINDOWS\System32\ADVAPI32.dll
0x00007ffceea60000 - 0x00007ffceeafe000 	C:\WINDOWS\System32\msvcrt.dll
0x00007ffceff80000 - 0x00007ffcf0017000 	C:\WINDOWS\System32\sechost.dll
0x00007ffcef9a0000 - 0x00007ffcefac0000 	C:\WINDOWS\System32\RPCRT4.dll
0x00007ffcefac0000 - 0x00007ffcefc54000 	C:\WINDOWS\System32\USER32.dll
0x00007ffcedf40000 - 0x00007ffcedf61000 	C:\WINDOWS\System32\win32u.dll
0x00007ffceff50000 - 0x00007ffceff76000 	C:\WINDOWS\System32\GDI32.dll
0x00007ffcee280000 - 0x00007ffcee416000 	C:\WINDOWS\System32\gdi32full.dll
0x00007ffcee750000 - 0x00007ffcee7ee000 	C:\WINDOWS\System32\msvcp_win.dll
0x00007ffcee420000 - 0x00007ffcee51a000 	C:\WINDOWS\System32\ucrtbase.dll
0x00007ffce2240000 - 0x00007ffce24c4000 	C:\WINDOWS\WinSxS\amd64_microsoft.windows.common-controls_6595b64144ccf1df_6.0.18362.1256_none_9e7e379be45e40e2\COMCTL32.dll
0x00007ffcef370000 - 0x00007ffcef6a6000 	C:\WINDOWS\System32\combase.dll
0x00007ffcee520000 - 0x00007ffcee5a1000 	C:\WINDOWS\System32\bcryptPrimitives.dll
0x00007ffcef270000 - 0x00007ffcef29e000 	C:\WINDOWS\System32\IMM32.DLL
0x0000000057d90000 - 0x0000000057e62000 	D:\Android\jre\jre\bin\msvcr100.dll
0x0000000057e70000 - 0x00000000586bb000 	D:\Android\jre\jre\bin\server\jvm.dll
0x00007ffcee7f0000 - 0x00007ffcee7f8000 	C:\WINDOWS\System32\PSAPI.DLL
0x00007ffcdb8d0000 - 0x00007ffcdb8d9000 	C:\WINDOWS\SYSTEM32\WSOCK32.dll
0x00007ffce8a20000 - 0x00007ffce8a44000 	C:\WINDOWS\SYSTEM32\WINMM.dll
0x00007ffce7050000 - 0x00007ffce705a000 	C:\WINDOWS\SYSTEM32\VERSION.dll
0x00007ffcef930000 - 0x00007ffcef99f000 	C:\WINDOWS\System32\WS2_32.dll
0x00007ffce89f0000 - 0x00007ffce8a1d000 	C:\WINDOWS\SYSTEM32\WINMMBASE.dll
0x00007ffcedef0000 - 0x00007ffcedf3a000 	C:\WINDOWS\System32\cfgmgr32.dll
0x00007ffce9c10000 - 0x00007ffce9c1f000 	D:\Android\jre\jre\bin\verify.dll
0x00007ffce8c80000 - 0x00007ffce8ca9000 	D:\Android\jre\jre\bin\java.dll
0x00007ffce9bf0000 - 0x00007ffce9c06000 	D:\Android\jre\jre\bin\zip.dll
0x00007ffceeb00000 - 0x00007ffcef1e7000 	C:\WINDOWS\System32\SHELL32.dll
0x00007ffcee9b0000 - 0x00007ffceea59000 	C:\WINDOWS\System32\shcore.dll
0x00007ffced760000 - 0x00007ffcedee1000 	C:\WINDOWS\System32\windows.storage.dll
0x00007ffced680000 - 0x00007ffced6a3000 	C:\WINDOWS\System32\profapi.dll
0x00007ffced610000 - 0x00007ffced65a000 	C:\WINDOWS\System32\powrprof.dll
0x00007ffced5e0000 - 0x00007ffced5f0000 	C:\WINDOWS\System32\UMPDC.dll
0x00007ffcef7f0000 - 0x00007ffcef842000 	C:\WINDOWS\System32\shlwapi.dll
0x00007ffced660000 - 0x00007ffced671000 	C:\WINDOWS\System32\kernel.appcore.dll
0x00007ffcee700000 - 0x00007ffcee717000 	C:\WINDOWS\System32\cryptsp.dll
0x00007ffcde0b0000 - 0x00007ffcde0ca000 	D:\Android\jre\jre\bin\net.dll
0x00007ffcece30000 - 0x00007ffcece97000 	C:\WINDOWS\system32\mswsock.dll
0x00007ffcdb6e0000 - 0x00007ffcdb6f3000 	D:\Android\jre\jre\bin\nio.dll

VM Arguments:
java_command: org.jetbrains.kotlin.cli.jvm.K2JVMCompiler @D:\Coding\updatedGithub\AndroidDevPractice\app\build\20201225_8050458065488232614.compiler.options
java_class_path (initial): C:\Users\Game\.gradle\caches\modules-2\files-2.1\org.jetbrains.kotlin\kotlin-compiler-embeddable\1.4.10\38c4b99d5d5362debdd9302a866730379aa2328a\kotlin-compiler-embeddable-1.4.10.jar;C:\Users\Game\.gradle\caches\modules-2\files-2.1\org.jetbrains.kotlin\kotlin-reflect\1.4.10\e2b3c6695eee6085e606d96d685396dce23a3a06\kotlin-reflect-1.4.10.jar;C:\Users\Game\.gradle\caches\modules-2\files-2.1\org.jetbrains.kotlin\kotlin-stdlib\1.4.10\ea29e063d2bbe695be13e9d044dcfb0c7add398e\kotlin-stdlib-1.4.10.jar;C:\Users\Game\.gradle\caches\modules-2\files-2.1\org.jetbrains.kotlin\kotlin-script-runtime\1.4.10\7c19d9c2001e016cd7664cebe9eea66fc04a7f4f\kotlin-script-runtime-1.4.10.jar;C:\Users\Game\.gradle\caches\modules-2\files-2.1\org.jetbrains.kotlin\kotlin-daemon-embeddable\1.4.10\dbd67f42bed28043d17d7c860b06110a00a45970\kotlin-daemon-embeddable-1.4.10.jar;C:\Users\Game\.gradle\caches\modules-2\files-2.1\org.jetbrains.intellij.deps\trove4j\1.0.20181211\216c2e14b070f334479d800987affe4054cd563f\trove4j-1.0.20181211.jar;C:\Users\Game\.gradle\caches\modules-2\files-2.1\org.jetbrains.kotlin\kotlin-stdlib-common\1.4.10\6229be3465805c99db1142ad75e6c6ddeac0b04c\kotlin-stdlib-common-1.4.10.jar;C:\Users\Game\.gradle\caches\modules-2\files-2.1\org.jetbrains\annotations\13.0\919f0dfe192fb4e063e7dacadee7f8bb9a2672a9\annotations-13.0.jar;D:\Android\jre\lib\tools.jar
Launcher Type: SUN_STANDARD

Environment Variables:
JAVA_HOME=C:\Program Files\Java\jdk1.8.0_201
PATH=C:\Program Files (x86)\Common Files\Oracle\Java\javapath;C:\WINDOWS\system32;C:\WINDOWS;C:\WINDOWS\System32\Wbem;C:\WINDOWS\System32\WindowsPowerShell\v1.0\;C:\WINDOWS\System32\OpenSSH\;C:\Program Files\NVIDIA Corporation\NVIDIA NvDLISR;C:\Program Files (x86)\NVIDIA Corporation\PhysX\Common;C:\ProgramData\chocolatey\bin;C:\WINDOWS\system32;C:\WINDOWS;C:\WINDOWS\System32\Wbem;C:\WINDOWS\System32\WindowsPowerShell\v1.0\;C:\WINDOWS\System32\OpenSSH\;D:\Coding\Programs\Git\cmd;C:\Program Files\Intel\WiFi\bin\;C:\Program Files\Common Files\Intel\WirelessCommon\;C:\Users\Game\AppData\Local\Microsoft\WindowsApps;%USERPROFILE%\AppData\Local\Microsoft\WindowsApps;%GRADLE_HOME%\bin\;D:\GCloud\google-cloud-sdk\bin;C:\Program Files\Intel\WiFi\bin\;C:\Program Files\Common Files\Intel\WirelessCommon\;D:\Exercism
USERNAME=Game
OS=Windows_NT
PROCESSOR_IDENTIFIER=Intel64 Family 6 Model 158 Stepping 10, GenuineIntel



---------------  S Y S T E M  ---------------

OS: Windows 10.0 , 64 bit Build 18362 (10.0.18362.1110)

CPU:total 12 (initial active 12) (6 cores per cpu, 2 threads per core) family 6 model 158 stepping 10, cmov, cx8, fxsr, mmx, sse, sse2, sse3, ssse3, sse4.1, sse4.2, popcnt, avx, avx2, aes, clmul, erms, rtm, 3dnowpref, lzcnt, ht, tsc, tscinvbit, bmi1, bmi2, adx

Memory: 4k page, physical 16618496k(3535044k free), swap 19628032k(6324k free)

vm_info: OpenJDK 64-Bit Server VM (25.242-b01) for windows-amd64 JRE (1.8.0_242-release-1644-b01), built by "builder" with MS VC++ 10.0 (VS2010)

time: Fri Dec 25 00:52:54 2020
timezone: Mountain Standard Time
elapsed time: 6 seconds (0d 0h 0m 6s)

