#
# There is insufficient memory for the Java Runtime Environment to continue.
# Native memory allocation (malloc) failed to allocate 436480 bytes for Chunk::new
# Possible reasons:
#   The system is out of physical RAM or swap space
#   The process is running with CompressedOops enabled, and the Java Heap may be blocking the growth of the native heap
# Possible solutions:
#   Reduce memory load on the system
#   Increase physical memory or swap space
#   Check if swap backing store is full
#   Decrease Java heap size (-Xmx/-Xms)
#   Decrease number of Java threads
#   Decrease Java thread stack sizes (-Xss)
#   Set larger code cache with -XX:ReservedCodeCacheSize=
#   JVM is running with Zero Based Compressed Oops mode in which the Java heap is
#     placed in the first 32GB address space. The Java Heap base address is the
#     maximum limit for the native heap growth. Please use -XX:HeapBaseMinAddress
#     to set the Java Heap base and to place the Java Heap above 32GB virtual address.
# This output file may be truncated or incomplete.
#
#  Out of Memory Error (allocation.cpp:389), pid=13216, tid=0x0000000000006274
#
# JRE version: OpenJDK Runtime Environment (8.0_242-b01) (build 1.8.0_242-release-1644-b01)
# Java VM: OpenJDK 64-Bit Server VM (25.242-b01 mixed mode windows-amd64 compressed oops)
# Failed to write core dump. Minidumps are not enabled by default on client versions of Windows
#

---------------  T H R E A D  ---------------

Current thread (0x000000001dc22800):  JavaThread "C2 CompilerThread2" daemon [_thread_in_native, id=25204, stack(0x000000001f460000,0x000000001f560000)]

Stack: [0x000000001f460000,0x000000001f560000]
[error occurred during error reporting (printing stack bounds), id 0xc0000005]

Native frames: (J=compiled Java code, j=interpreted, Vv=VM code, C=native code)


Current CompileTask:
C2:  11923 15590       4       org.jetbrains.org.objectweb.asm.ClassReader::readElementValue (1237 bytes)


---------------  P R O C E S S  ---------------

Java Threads: ( => current thread )
  0x000000001dc24800 JavaThread "Service Thread" daemon [_thread_blocked, id=7804, stack(0x000000001f660000,0x000000001f760000)]
  0x000000001dc23800 JavaThread "C1 CompilerThread3" daemon [_thread_in_native, id=4364, stack(0x000000001f560000,0x000000001f660000)]
=>0x000000001dc22800 JavaThread "C2 CompilerThread2" daemon [_thread_in_native, id=25204, stack(0x000000001f460000,0x000000001f560000)]
  0x000000001dc1e000 JavaThread "C2 CompilerThread1" daemon [_thread_in_native, id=22196, stack(0x000000001f360000,0x000000001f460000)]
  0x000000001dc16800 JavaThread "C2 CompilerThread0" daemon [_thread_in_native, id=24652, stack(0x000000001f260000,0x000000001f360000)]
  0x000000001dc15000 JavaThread "Attach Listener" daemon [_thread_blocked, id=24528, stack(0x000000001f160000,0x000000001f260000)]
  0x000000001dc12000 JavaThread "Signal Dispatcher" daemon [_thread_blocked, id=17716, stack(0x000000001f060000,0x000000001f160000)]
  0x000000000297b000 JavaThread "Finalizer" daemon [_thread_blocked, id=18500, stack(0x000000001ee60000,0x000000001ef60000)]
  0x000000001dc03000 JavaThread "Reference Handler" daemon [_thread_blocked, id=13556, stack(0x000000001ed60000,0x000000001ee60000)]
  0x000000000287e800 JavaThread "main" [_thread_in_Java, id=20580, stack(0x0000000002700000,0x0000000002800000)]

Other Threads:
  0x000000001c526000 VMThread [stack: 0x000000001ec60000,0x000000001ed60000] [id=23604]
  0x000000001dc2d800 WatcherThread [stack: 0x000000001f760000,0x000000001f860000] [id=24520]

VM state:not at safepoint (normal execution)

VM Mutex/Monitor currently owned by a thread: None

heap address: 0x00000006c2600000, size: 4058 MB, Compressed Oops mode: Zero based, Oop shift amount: 3
Narrow klass base: 0x0000000000000000, Narrow klass shift: 3
Compressed class space size: 1073741824 Address: 0x00000007c0000000

Heap:
 PSYoungGen      total 225280K, used 187221K [0x000000076b780000, 0x000000077bd80000, 0x00000007c0000000)
  eden space 182272K, 91% used [0x000000076b780000,0x0000000775ae22f0,0x0000000776980000)
  from space 43008K, 46% used [0x0000000776980000,0x0000000777cf31d0,0x0000000779380000)
  to   space 35328K, 0% used [0x0000000779b00000,0x0000000779b00000,0x000000077bd80000)
 ParOldGen       total 200704K, used 70122K [0x00000006c2600000, 0x00000006cea00000, 0x000000076b780000)
  object space 200704K, 34% used [0x00000006c2600000,0x00000006c6a7a888,0x00000006cea00000)
 Metaspace       used 68799K, capacity 70212K, committed 70440K, reserved 1112064K
  class space    used 7824K, capacity 8199K, committed 8240K, reserved 1048576K

Card table byte_map: [0x0000000011d40000,0x0000000012530000] byte_map_base: 0x000000000e72d000

Marking Bits: (ParMarkBitMap*) 0x000000005863f030
 Begin Bits: [0x0000000013480000, 0x00000000173e8000)
 End Bits:   [0x00000000173e8000, 0x000000001b350000)

Polling page: 0x00000000005d0000

CodeCache: size=245760Kb used=60065Kb max_used=60273Kb free=185694Kb
 bounds [0x0000000002980000, 0x0000000006500000, 0x0000000011980000]
 total_blobs=13345 nmethods=12796 adapters=459
 compilation: enabled

Compilation events (10 events):
Event: 11.908 Thread 0x000000001dc23800 nmethod 15711 0x0000000005ccdfd0 code [0x0000000005cce160, 0x0000000005cce5c8]
Event: 11.908 Thread 0x000000001dc23800 15690       1       org.jetbrains.kotlin.codegen.inline.InlineCodegen::getInvocationParamBuilder (5 bytes)
Event: 11.908 Thread 0x000000001dc23800 nmethod 15690 0x0000000003cf4210 code [0x0000000003cf4360, 0x0000000003cf4470]
Event: 11.908 Thread 0x000000001dc23800 15705       1       org.jetbrains.kotlin.util.slicedMap.BasicWritableSlice::toString (5 bytes)
Event: 11.908 Thread 0x000000001dc23800 nmethod 15705 0x0000000005cbbed0 code [0x0000000005cbc020, 0x0000000005cbc130]
Event: 11.908 Thread 0x000000001dc23800 15713       3       org.jetbrains.kotlin.codegen.inline.CapturedParamInfo$Companion::isSynthetic (29 bytes)
Event: 11.909 Thread 0x000000001dc23800 nmethod 15713 0x00000000044a8d10 code [0x00000000044a8f00, 0x00000000044a9898]
Event: 11.920 Thread 0x000000001dc23800 15714       3       org.jetbrains.kotlin.codegen.inline.ParameterInfo::<init> (51 bytes)
Event: 11.921 Thread 0x000000001dc23800 nmethod 15714 0x0000000005fbf050 code [0x0000000005fbf2a0, 0x0000000005fbff78]
Event: 11.921 Thread 0x000000001dc23800 15715       3       org.jetbrains.kotlin.codegen.inline.MethodInliner$prepareNode$transformationVisitor$1::visitLocalVariable (167 bytes)

GC Heap History (10 events):
Event: 7.304 GC heap before
{Heap before GC invocations=10 (full 2):
 PSYoungGen      total 141312K, used 141285K [0x000000076b780000, 0x0000000779800000, 0x00000007c0000000)
  eden space 113152K, 100% used [0x000000076b780000,0x0000000772600000,0x0000000772600000)
  from space 28160K, 99% used [0x0000000772600000,0x00000007741796b0,0x0000000774180000)
  to   space 37376K, 0% used [0x0000000777380000,0x0000000777380000,0x0000000779800000)
 ParOldGen       total 200704K, used 48232K [0x00000006c2600000, 0x00000006cea00000, 0x000000076b780000)
  object space 200704K, 24% used [0x00000006c2600000,0x00000006c551a2d8,0x00000006cea00000)
 Metaspace       used 57554K, capacity 58714K, committed 58792K, reserved 1101824K
  class space    used 6972K, capacity 7296K, committed 7344K, reserved 1048576K
Event: 7.329 GC heap after
Heap after GC invocations=10 (full 2):
 PSYoungGen      total 183808K, used 37364K [0x000000076b780000, 0x000000077a800000, 0x00000007c0000000)
  eden space 146432K, 0% used [0x000000076b780000,0x000000076b780000,0x0000000774680000)
  from space 37376K, 99% used [0x0000000777380000,0x00000007797fd338,0x0000000779800000)
  to   space 46080K, 0% used [0x0000000774680000,0x0000000774680000,0x0000000777380000)
 ParOldGen       total 200704K, used 56657K [0x00000006c2600000, 0x00000006cea00000, 0x000000076b780000)
  object space 200704K, 28% used [0x00000006c2600000,0x00000006c5d54458,0x00000006cea00000)
 Metaspace       used 57554K, capacity 58714K, committed 58792K, reserved 1101824K
  class space    used 6972K, capacity 7296K, committed 7344K, reserved 1048576K
}
Event: 7.731 GC heap before
{Heap before GC invocations=11 (full 2):
 PSYoungGen      total 183808K, used 72031K [0x000000076b780000, 0x000000077a800000, 0x00000007c0000000)
  eden space 146432K, 23% used [0x000000076b780000,0x000000076d95a978,0x0000000774680000)
  from space 37376K, 99% used [0x0000000777380000,0x00000007797fd338,0x0000000779800000)
  to   space 46080K, 0% used [0x0000000774680000,0x0000000774680000,0x0000000777380000)
 ParOldGen       total 200704K, used 56657K [0x00000006c2600000, 0x00000006cea00000, 0x000000076b780000)
  object space 200704K, 28% used [0x00000006c2600000,0x00000006c5d54458,0x00000006cea00000)
 Metaspace       used 57979K, capacity 59076K, committed 59160K, reserved 1101824K
  class space    used 7004K, capacity 7329K, committed 7344K, reserved 1048576K
Event: 7.755 GC heap after
Heap after GC invocations=11 (full 2):
 PSYoungGen      total 192512K, used 22340K [0x000000076b780000, 0x000000077c600000, 0x00000007c0000000)
  eden space 146432K, 0% used [0x000000076b780000,0x000000076b780000,0x0000000774680000)
  from space 46080K, 48% used [0x0000000774680000,0x0000000775c510f0,0x0000000777380000)
  to   space 44032K, 0% used [0x0000000779b00000,0x0000000779b00000,0x000000077c600000)
 ParOldGen       total 200704K, used 76315K [0x00000006c2600000, 0x00000006cea00000, 0x000000076b780000)
  object space 200704K, 38% used [0x00000006c2600000,0x00000006c7086cb0,0x00000006cea00000)
 Metaspace       used 57979K, capacity 59076K, committed 59160K, reserved 1101824K
  class space    used 7004K, capacity 7329K, committed 7344K, reserved 1048576K
}
Event: 7.755 GC heap before
{Heap before GC invocations=12 (full 3):
 PSYoungGen      total 192512K, used 22340K [0x000000076b780000, 0x000000077c600000, 0x00000007c0000000)
  eden space 146432K, 0% used [0x000000076b780000,0x000000076b780000,0x0000000774680000)
  from space 46080K, 48% used [0x0000000774680000,0x0000000775c510f0,0x0000000777380000)
  to   space 44032K, 0% used [0x0000000779b00000,0x0000000779b00000,0x000000077c600000)
 ParOldGen       total 200704K, used 76315K [0x00000006c2600000, 0x00000006cea00000, 0x000000076b780000)
  object space 200704K, 38% used [0x00000006c2600000,0x00000006c7086cb0,0x00000006cea00000)
 Metaspace       used 57979K, capacity 59076K, committed 59160K, reserved 1101824K
  class space    used 7004K, capacity 7329K, committed 7344K, reserved 1048576K
Event: 7.945 GC heap after
Heap after GC invocations=12 (full 3):
 PSYoungGen      total 192512K, used 0K [0x000000076b780000, 0x000000077c600000, 0x00000007c0000000)
  eden space 146432K, 0% used [0x000000076b780000,0x000000076b780000,0x0000000774680000)
  from space 46080K, 0% used [0x0000000774680000,0x0000000774680000,0x0000000777380000)
  to   space 44032K, 0% used [0x0000000779b00000,0x0000000779b00000,0x000000077c600000)
 ParOldGen       total 200704K, used 70106K [0x00000006c2600000, 0x00000006cea00000, 0x000000076b780000)
  object space 200704K, 34% used [0x00000006c2600000,0x00000006c6a76888,0x00000006cea00000)
 Metaspace       used 57979K, capacity 59076K, committed 59160K, reserved 1101824K
  class space    used 7004K, capacity 7329K, committed 7344K, reserved 1048576K
}
Event: 9.888 GC heap before
{Heap before GC invocations=13 (full 3):
 PSYoungGen      total 192512K, used 146432K [0x000000076b780000, 0x000000077c600000, 0x00000007c0000000)
  eden space 146432K, 100% used [0x000000076b780000,0x0000000774680000,0x0000000774680000)
  from space 46080K, 0% used [0x0000000774680000,0x0000000774680000,0x0000000777380000)
  to   space 44032K, 0% used [0x0000000779b00000,0x0000000779b00000,0x000000077c600000)
 ParOldGen       total 200704K, used 70106K [0x00000006c2600000, 0x00000006cea00000, 0x000000076b780000)
  object space 200704K, 34% used [0x00000006c2600000,0x00000006c6a76888,0x00000006cea00000)
 Metaspace       used 61689K, capacity 62868K, committed 63016K, reserved 1103872K
  class space    used 7299K, capacity 7615K, committed 7728K, reserved 1048576K
Event: 9.897 GC heap after
Heap after GC invocations=13 (full 3):
 PSYoungGen      total 217600K, used 17613K [0x000000076b780000, 0x000000077bd80000, 0x00000007c0000000)
  eden space 182272K, 0% used [0x000000076b780000,0x000000076b780000,0x0000000776980000)
  from space 35328K, 49% used [0x0000000779b00000,0x000000077ac33748,0x000000077bd80000)
  to   space 43008K, 0% used [0x0000000776980000,0x0000000776980000,0x0000000779380000)
 ParOldGen       total 200704K, used 70114K [0x00000006c2600000, 0x00000006cea00000, 0x000000076b780000)
  object space 200704K, 34% used [0x00000006c2600000,0x00000006c6a78888,0x00000006cea00000)
 Metaspace       used 61689K, capacity 62868K, committed 63016K, reserved 1103872K
  class space    used 7299K, capacity 7615K, committed 7728K, reserved 1048576K
}
Event: 10.796 GC heap before
{Heap before GC invocations=14 (full 3):
 PSYoungGen      total 217600K, used 199885K [0x000000076b780000, 0x000000077bd80000, 0x00000007c0000000)
  eden space 182272K, 100% used [0x000000076b780000,0x0000000776980000,0x0000000776980000)
  from space 35328K, 49% used [0x0000000779b00000,0x000000077ac33748,0x000000077bd80000)
  to   space 43008K, 0% used [0x0000000776980000,0x0000000776980000,0x0000000779380000)
 ParOldGen       total 200704K, used 70114K [0x00000006c2600000, 0x00000006cea00000, 0x000000076b780000)
  object space 200704K, 34% used [0x00000006c2600000,0x00000006c6a78888,0x00000006cea00000)
 Metaspace       used 67182K, capacity 68544K, committed 68776K, reserved 1110016K
  class space    used 7731K, capacity 8057K, committed 8112K, reserved 1048576K
Event: 10.804 GC heap after
Heap after GC invocations=14 (full 3):
 PSYoungGen      total 225280K, used 19916K [0x000000076b780000, 0x000000077bd80000, 0x00000007c0000000)
  eden space 182272K, 0% used [0x000000076b780000,0x000000076b780000,0x0000000776980000)
  from space 43008K, 46% used [0x0000000776980000,0x0000000777cf31d0,0x0000000779380000)
  to   space 35328K, 0% used [0x0000000779b00000,0x0000000779b00000,0x000000077bd80000)
 ParOldGen       total 200704K, used 70122K [0x00000006c2600000, 0x00000006cea00000, 0x000000076b780000)
  object space 200704K, 34% used [0x00000006c2600000,0x00000006c6a7a888,0x00000006cea00000)
 Metaspace       used 67182K, capacity 68544K, committed 68776K, reserved 1110016K
  class space    used 7731K, capacity 8057K, committed 8112K, reserved 1048576K
}

Deoptimization events (10 events):
Event: 11.746 Thread 0x000000000287e800 Uncommon trap: reason=class_check action=maybe_recompile pc=0x0000000005315c2c method=org.jetbrains.org.objectweb.asm.Label.accept(Lorg/jetbrains/org/objectweb/asm/MethodVisitor;Z)V @ 2
Event: 11.765 Thread 0x000000000287e800 Uncommon trap: reason=unstable_if action=reinterpret pc=0x00000000061abc20 method=org.jetbrains.kotlin.codegen.optimization.fixStack.FixStackAnalyzer$InternalAnalyzer$FixStackFrame.execute(Lorg/jetbrains/org/objectweb/asm/tree/AbstractInsnNode;Lorg/jetbra
Event: 11.772 Thread 0x000000000287e800 Uncommon trap: reason=speculate_class_check action=maybe_recompile pc=0x000000000494348c method=java.util.AbstractList.listIterator()Ljava/util/ListIterator; @ 2
Event: 11.772 Thread 0x000000000287e800 Uncommon trap: reason=speculate_class_check action=maybe_recompile pc=0x000000000494348c method=java.util.AbstractList.listIterator()Ljava/util/ListIterator; @ 2
Event: 11.772 Thread 0x000000000287e800 Uncommon trap: reason=speculate_class_check action=maybe_recompile pc=0x000000000494348c method=java.util.AbstractList.listIterator()Ljava/util/ListIterator; @ 2
Event: 11.772 Thread 0x000000000287e800 Uncommon trap: reason=speculate_class_check action=maybe_recompile pc=0x000000000494348c method=java.util.AbstractList.listIterator()Ljava/util/ListIterator; @ 2
Event: 11.881 Thread 0x000000000287e800 Uncommon trap: reason=unstable_if action=reinterpret pc=0x0000000005d5fdb8 method=org.jetbrains.org.objectweb.asm.tree.analysis.SmallSet.union(Lorg/jetbrains/org/objectweb/asm/tree/analysis/SmallSet;)Ljava/util/Set; @ 113
Event: 11.886 Thread 0x000000000287e800 Uncommon trap: reason=unstable_if action=reinterpret pc=0x0000000005d5a01c method=org.jetbrains.org.objectweb.asm.tree.analysis.SmallSet.union(Lorg/jetbrains/org/objectweb/asm/tree/analysis/SmallSet;)Ljava/util/Set; @ 113
Event: 11.907 Thread 0x000000000287e800 Uncommon trap: reason=unstable_if action=reinterpret pc=0x000000000344a768 method=org.jetbrains.org.objectweb.asm.ClassReader.readUtf(II[C)Ljava/lang/String; @ 69
Event: 11.917 Thread 0x000000000287e800 Uncommon trap: reason=unstable_if action=reinterpret pc=0x000000000526aa80 method=org.jetbrains.org.objectweb.asm.tree.analysis.BasicInterpreter.newOperation(Lorg/jetbrains/org/objectweb/asm/tree/AbstractInsnNode;)Lorg/jetbrains/org/objectweb/asm/tree/ana

Classes redefined (0 events):
No events

Internal exceptions (10 events):
Event: 9.613 Thread 0x000000000287e800 Implicit null exception at 0x0000000003ecb454 to 0x0000000003ecb6e9
Event: 9.803 Thread 0x000000000287e800 Implicit null exception at 0x00000000031e2412 to 0x00000000031e2619
Event: 10.013 Thread 0x000000000287e800 Exception <a 'java/lang/NoSuchMethodError': java.lang.Object.lambda$static$0(Lorg/jetbrains/kotlin/descriptors/ValueParameterDescriptor;Lorg/jetbrains/kotlin/codegen/ExpressionCodegen;)Lorg/jetbrains/kotlin/codegen/StackValue;> (0x000000076c0d9450) thrown
Event: 10.018 Thread 0x000000000287e800 Implicit null exception at 0x0000000003ba2633 to 0x0000000003ba2a81
Event: 10.081 Thread 0x000000000287e800 Implicit null exception at 0x00000000038fda55 to 0x00000000038fdc51
Event: 10.173 Thread 0x000000000287e800 Exception <a 'java/lang/NoSuchMethodError': java.lang.Object.lambda$static$0(Ljava/lang/String;)Z> (0x000000076cbac450) thrown at [C:\src\AOSP-openjdk-git\hotspot\src\share\vm\interpreter\linkResolver.cpp, line 620]
Event: 10.173 Thread 0x000000000287e800 Exception <a 'java/lang/NoSuchMethodError': java.lang.Object.lambda$static$1(Ljava/lang/String;)Z> (0x000000076cbaeb40) thrown at [C:\src\AOSP-openjdk-git\hotspot\src\share\vm\interpreter\linkResolver.cpp, line 620]
Event: 10.309 Thread 0x000000000287e800 Implicit null exception at 0x0000000003827691 to 0x00000000038293cd
Event: 10.341 Thread 0x000000000287e800 Implicit null exception at 0x0000000005ca5dfc to 0x0000000005ca5f11
Event: 11.694 Thread 0x000000000287e800 Implicit null exception at 0x0000000005b5b9ac to 0x0000000005b5b9f1

Events (10 events):
Event: 11.902 loading class org/jetbrains/kotlin/codegen/range/CollectionIndicesRangeValue$getBoundedValue$1
Event: 11.902 loading class org/jetbrains/kotlin/codegen/range/CollectionIndicesRangeValue$getBoundedValue$1 done
Event: 11.907 Thread 0x000000000287e800 Uncommon trap: trap_request=0xffffff65 fr.pc=0x000000000344a768
Event: 11.907 Thread 0x000000000287e800 DEOPT PACKING pc=0x000000000344a768 sp=0x00000000027fbcf0
Event: 11.907 Thread 0x000000000287e800 DEOPT UNPACKING pc=0x00000000029c557b sp=0x00000000027fbc20 mode 2
Event: 11.917 Thread 0x000000000287e800 DEOPT PACKING pc=0x0000000006363482 sp=0x00000000027fa070
Event: 11.917 Thread 0x000000000287e800 DEOPT UNPACKING pc=0x00000000029c75d0 sp=0x00000000027f9ed0 mode 0
Event: 11.917 Thread 0x000000000287e800 Uncommon trap: trap_request=0xffffff65 fr.pc=0x000000000526aa80
Event: 11.917 Thread 0x000000000287e800 DEOPT PACKING pc=0x000000000526aa80 sp=0x00000000027fa100
Event: 11.917 Thread 0x000000000287e800 DEOPT UNPACKING pc=0x00000000029c557b sp=0x00000000027fa098 mode 2


Dynamic libraries:
0x00007ff600c80000 - 0x00007ff600cb1000 	D:\Android\jre\jre\bin\java.exe
0x00007ffcf0740000 - 0x00007ffcf0930000 	C:\WINDOWS\SYSTEM32\ntdll.dll
0x00007ffcf0080000 - 0x00007ffcf0132000 	C:\WINDOWS\System32\KERNEL32.DLL
0x00007ffcedfd0000 - 0x00007ffcee275000 	C:\WINDOWS\System32\KERNELBASE.dll
0x00007ffcef870000 - 0x00007ffcef913000 	C:\WINDOWS\System32\ADVAPI32.dll
0x00007ffceea60000 - 0x00007ffceeafe000 	C:\WINDOWS\System32\msvcrt.dll
0x00007ffceff80000 - 0x00007ffcf0017000 	C:\WINDOWS\System32\sechost.dll
0x00007ffcef9a0000 - 0x00007ffcefac0000 	C:\WINDOWS\System32\RPCRT4.dll
0x00007ffcefac0000 - 0x00007ffcefc54000 	C:\WINDOWS\System32\USER32.dll
0x00007ffcedf40000 - 0x00007ffcedf61000 	C:\WINDOWS\System32\win32u.dll
0x00007ffceff50000 - 0x00007ffceff76000 	C:\WINDOWS\System32\GDI32.dll
0x00007ffcee280000 - 0x00007ffcee416000 	C:\WINDOWS\System32\gdi32full.dll
0x00007ffcee750000 - 0x00007ffcee7ee000 	C:\WINDOWS\System32\msvcp_win.dll
0x00007ffcee420000 - 0x00007ffcee51a000 	C:\WINDOWS\System32\ucrtbase.dll
0x00007ffce2240000 - 0x00007ffce24c4000 	C:\WINDOWS\WinSxS\amd64_microsoft.windows.common-controls_6595b64144ccf1df_6.0.18362.1256_none_9e7e379be45e40e2\COMCTL32.dll
0x00007ffcef370000 - 0x00007ffcef6a6000 	C:\WINDOWS\System32\combase.dll
0x00007ffcee520000 - 0x00007ffcee5a1000 	C:\WINDOWS\System32\bcryptPrimitives.dll
0x00007ffcef270000 - 0x00007ffcef29e000 	C:\WINDOWS\System32\IMM32.DLL
0x0000000057d90000 - 0x0000000057e62000 	D:\Android\jre\jre\bin\msvcr100.dll
0x0000000057e70000 - 0x00000000586bb000 	D:\Android\jre\jre\bin\server\jvm.dll
0x00007ffcee7f0000 - 0x00007ffcee7f8000 	C:\WINDOWS\System32\PSAPI.DLL
0x00007ffcdb8d0000 - 0x00007ffcdb8d9000 	C:\WINDOWS\SYSTEM32\WSOCK32.dll
0x00007ffce8a20000 - 0x00007ffce8a44000 	C:\WINDOWS\SYSTEM32\WINMM.dll
0x00007ffcef930000 - 0x00007ffcef99f000 	C:\WINDOWS\System32\WS2_32.dll
0x00007ffce7050000 - 0x00007ffce705a000 	C:\WINDOWS\SYSTEM32\VERSION.dll
0x00007ffce89f0000 - 0x00007ffce8a1d000 	C:\WINDOWS\SYSTEM32\winmmbase.dll
0x00007ffcedef0000 - 0x00007ffcedf3a000 	C:\WINDOWS\System32\cfgmgr32.dll
0x00007ffce9c10000 - 0x00007ffce9c1f000 	D:\Android\jre\jre\bin\verify.dll
0x00007ffce8c80000 - 0x00007ffce8ca9000 	D:\Android\jre\jre\bin\java.dll
0x00007ffce9bf0000 - 0x00007ffce9c06000 	D:\Android\jre\jre\bin\zip.dll
0x00007ffceeb00000 - 0x00007ffcef1e7000 	C:\WINDOWS\System32\SHELL32.dll
0x00007ffcee9b0000 - 0x00007ffceea59000 	C:\WINDOWS\System32\shcore.dll
0x00007ffced760000 - 0x00007ffcedee1000 	C:\WINDOWS\System32\windows.storage.dll
0x00007ffced680000 - 0x00007ffced6a3000 	C:\WINDOWS\System32\profapi.dll
0x00007ffced610000 - 0x00007ffced65a000 	C:\WINDOWS\System32\powrprof.dll
0x00007ffced5e0000 - 0x00007ffced5f0000 	C:\WINDOWS\System32\UMPDC.dll
0x00007ffcef7f0000 - 0x00007ffcef842000 	C:\WINDOWS\System32\shlwapi.dll
0x00007ffced660000 - 0x00007ffced671000 	C:\WINDOWS\System32\kernel.appcore.dll
0x00007ffcee700000 - 0x00007ffcee717000 	C:\WINDOWS\System32\cryptsp.dll
0x00007ffcde0b0000 - 0x00007ffcde0ca000 	D:\Android\jre\jre\bin\net.dll
0x00007ffcece30000 - 0x00007ffcece97000 	C:\WINDOWS\system32\mswsock.dll
0x00007ffcdb6e0000 - 0x00007ffcdb6f3000 	D:\Android\jre\jre\bin\nio.dll

VM Arguments:
java_command: org.jetbrains.kotlin.cli.jvm.K2JVMCompiler @D:\Coding\updatedGithub\AndroidDevPractice\app\build\20201225_638329534459552071.compiler.options
java_class_path (initial): C:\Users\Game\.gradle\caches\modules-2\files-2.1\org.jetbrains.kotlin\kotlin-compiler-embeddable\1.4.10\38c4b99d5d5362debdd9302a866730379aa2328a\kotlin-compiler-embeddable-1.4.10.jar;C:\Users\Game\.gradle\caches\modules-2\files-2.1\org.jetbrains.kotlin\kotlin-reflect\1.4.10\e2b3c6695eee6085e606d96d685396dce23a3a06\kotlin-reflect-1.4.10.jar;C:\Users\Game\.gradle\caches\modules-2\files-2.1\org.jetbrains.kotlin\kotlin-stdlib\1.4.10\ea29e063d2bbe695be13e9d044dcfb0c7add398e\kotlin-stdlib-1.4.10.jar;C:\Users\Game\.gradle\caches\modules-2\files-2.1\org.jetbrains.kotlin\kotlin-script-runtime\1.4.10\7c19d9c2001e016cd7664cebe9eea66fc04a7f4f\kotlin-script-runtime-1.4.10.jar;C:\Users\Game\.gradle\caches\modules-2\files-2.1\org.jetbrains.kotlin\kotlin-daemon-embeddable\1.4.10\dbd67f42bed28043d17d7c860b06110a00a45970\kotlin-daemon-embeddable-1.4.10.jar;C:\Users\Game\.gradle\caches\modules-2\files-2.1\org.jetbrains.intellij.deps\trove4j\1.0.20181211\216c2e14b070f334479d800987affe4054cd563f\trove4j-1.0.20181211.jar;C:\Users\Game\.gradle\caches\modules-2\files-2.1\org.jetbrains.kotlin\kotlin-stdlib-common\1.4.10\6229be3465805c99db1142ad75e6c6ddeac0b04c\kotlin-stdlib-common-1.4.10.jar;C:\Users\Game\.gradle\caches\modules-2\files-2.1\org.jetbrains\annotations\13.0\919f0dfe192fb4e063e7dacadee7f8bb9a2672a9\annotations-13.0.jar;D:\Android\jre\lib\tools.jar
Launcher Type: SUN_STANDARD

Environment Variables:
JAVA_HOME=C:\Program Files\Java\jdk1.8.0_201
PATH=C:\Program Files (x86)\Common Files\Oracle\Java\javapath;C:\WINDOWS\system32;C:\WINDOWS;C:\WINDOWS\System32\Wbem;C:\WINDOWS\System32\WindowsPowerShell\v1.0\;C:\WINDOWS\System32\OpenSSH\;C:\Program Files\NVIDIA Corporation\NVIDIA NvDLISR;C:\Program Files (x86)\NVIDIA Corporation\PhysX\Common;C:\ProgramData\chocolatey\bin;C:\WINDOWS\system32;C:\WINDOWS;C:\WINDOWS\System32\Wbem;C:\WINDOWS\System32\WindowsPowerShell\v1.0\;C:\WINDOWS\System32\OpenSSH\;D:\Coding\Programs\Git\cmd;C:\Program Files\Intel\WiFi\bin\;C:\Program Files\Common Files\Intel\WirelessCommon\;C:\Users\Game\AppData\Local\Microsoft\WindowsApps;%USERPROFILE%\AppData\Local\Microsoft\WindowsApps;%GRADLE_HOME%\bin\;D:\GCloud\google-cloud-sdk\bin;C:\Program Files\Intel\WiFi\bin\;C:\Program Files\Common Files\Intel\WirelessCommon\;D:\Exercism
USERNAME=Game
OS=Windows_NT
PROCESSOR_IDENTIFIER=Intel64 Family 6 Model 158 Stepping 10, GenuineIntel



---------------  S Y S T E M  ---------------

OS: Windows 10.0 , 64 bit Build 18362 (10.0.18362.1110)

CPU:total 12 (initial active 12) (6 cores per cpu, 2 threads per core) family 6 model 158 stepping 10, cmov, cx8, fxsr, mmx, sse, sse2, sse3, ssse3, sse4.1, sse4.2, popcnt, avx, avx2, aes, clmul, erms, rtm, 3dnowpref, lzcnt, ht, tsc, tscinvbit, bmi1, bmi2, adx

Memory: 4k page, physical 16618496k(3417472k free), swap 19628032k(7260k free)

vm_info: OpenJDK 64-Bit Server VM (25.242-b01) for windows-amd64 JRE (1.8.0_242-release-1644-b01), built by "builder" with MS VC++ 10.0 (VS2010)

time: Fri Dec 25 00:50:15 2020
timezone: Mountain Standard Time
elapsed time: 11 seconds (0d 0h 0m 11s)

