#
# There is insufficient memory for the Java Runtime Environment to continue.
# Native memory allocation (malloc) failed to allocate 1547184 bytes for Chunk::new
# Possible reasons:
#   The system is out of physical RAM or swap space
#   The process is running with CompressedOops enabled, and the Java Heap may be blocking the growth of the native heap
# Possible solutions:
#   Reduce memory load on the system
#   Increase physical memory or swap space
#   Check if swap backing store is full
#   Decrease Java heap size (-Xmx/-Xms)
#   Decrease number of Java threads
#   Decrease Java thread stack sizes (-Xss)
#   Set larger code cache with -XX:ReservedCodeCacheSize=
#   JVM is running with Unscaled Compressed Oops mode in which the Java heap is
#     placed in the first 4GB address space. The Java Heap base address is the
#     maximum limit for the native heap growth. Please use -XX:HeapBaseMinAddress
#     to set the Java Heap base and to place the Java Heap above 4GB virtual address.
# This output file may be truncated or incomplete.
#
#  Out of Memory Error (allocation.cpp:389), pid=24300, tid=0x000000000000127c
#
# JRE version: OpenJDK Runtime Environment (8.0_242-b01) (build 1.8.0_242-release-1644-b01)
# Java VM: OpenJDK 64-Bit Server VM (25.242-b01 mixed mode windows-amd64 compressed oops)
# Failed to write core dump. Minidumps are not enabled by default on client versions of Windows
#

---------------  T H R E A D  ---------------

Current thread (0x00000000199a2000):  JavaThread "C2 CompilerThread2" daemon [_thread_in_native, id=4732, stack(0x000000001b1e0000,0x000000001b2e0000)]

Stack: [0x000000001b1e0000,0x000000001b2e0000]
[error occurred during error reporting (printing stack bounds), id 0xc0000005]

Native frames: (J=compiled Java code, j=interpreted, Vv=VM code, C=native code)


Current CompileTask:
C2:3478340 25398   !   4       com.sun.tools.javac.jvm.ClassReader::classSigToType (498 bytes)


---------------  P R O C E S S  ---------------

Java Threads: ( => current thread )
  0x000000001feca000 JavaThread "Cache worker for Java compile cache (D:\Coding\updatedGithub\AndroidDevPractice\.gradle\6.5\javaCompile)" [_thread_blocked, id=5100, stack(0x00000000397e0000,0x00000000398e0000)]
  0x000000001fec9800 JavaThread "Cache worker for Java compile cache (C:\Users\Game\.gradle\caches\6.5\javaCompile)" [_thread_blocked, id=19696, stack(0x0000000035ac0000,0x0000000035bc0000)]
  0x000000001fed0000 JavaThread "RMI TCP Connection(5)-127.0.0.1" daemon [_thread_in_native, id=19160, stack(0x00000000357d0000,0x00000000358d0000)]
  0x000000001c262800 JavaThread "WorkerExecutor Queue" [_thread_blocked, id=21808, stack(0x0000000034bb0000,0x0000000034cb0000)]
  0x000000001c263000 JavaThread "RMI TCP Connection(4)-127.0.0.1" daemon [_thread_in_native, id=4800, stack(0x0000000034f00000,0x0000000035000000)]
  0x000000001c261800 JavaThread "Cache worker for execution history cache (D:\Coding\updatedGithub\AndroidDevPractice\.gradle\6.5\executionHistory)" [_thread_blocked, id=15328, stack(0x00000000348a0000,0x00000000349a0000)]
  0x000000001c261000 JavaThread "Execution worker for ':' Thread 11" [_thread_blocked, id=25440, stack(0x0000000034560000,0x0000000034660000)]
  0x000000001c264000 JavaThread "Execution worker for ':' Thread 10" [_thread_blocked, id=20508, stack(0x0000000034460000,0x0000000034560000)]
  0x000000001c25e000 JavaThread "Execution worker for ':' Thread 9" [_thread_blocked, id=5720, stack(0x0000000031370000,0x0000000031470000)]
  0x000000001c260000 JavaThread "Execution worker for ':' Thread 8" [_thread_blocked, id=24632, stack(0x0000000030e70000,0x0000000030f70000)]
  0x000000001c25f800 JavaThread "Execution worker for ':' Thread 7" [_thread_blocked, id=22920, stack(0x000000002ea10000,0x000000002eb10000)]
  0x000000001c25e800 JavaThread "Execution worker for ':' Thread 6" [_thread_blocked, id=20956, stack(0x000000002e1f0000,0x000000002e2f0000)]
  0x000000001c256800 JavaThread "Execution worker for ':' Thread 5" [_thread_blocked, id=17876, stack(0x000000002def0000,0x000000002dff0000)]
  0x000000001c258000 JavaThread "Execution worker for ':' Thread 4" [_thread_blocked, id=16548, stack(0x000000002ddf0000,0x000000002def0000)]
  0x000000001c25d000 JavaThread "Execution worker for ':' Thread 3" [_thread_blocked, id=22648, stack(0x000000002dcf0000,0x000000002ddf0000)]
  0x000000001c255800 JavaThread "Execution worker for ':' Thread 2" [_thread_blocked, id=24880, stack(0x000000002dbf0000,0x000000002dcf0000)]
  0x000000001c25c800 JavaThread "Execution worker for ':'" [_thread_in_native, id=25108, stack(0x000000002daf0000,0x000000002dbf0000)]
  0x000000001c25b800 JavaThread "Cache worker for file content cache (D:\Coding\updatedGithub\AndroidDevPractice\.gradle\6.5\fileContent)" [_thread_blocked, id=18632, stack(0x000000002d9f0000,0x000000002daf0000)]
  0x000000001c254000 JavaThread "pool-9-thread-1" [_thread_blocked, id=21848, stack(0x000000002d8f0000,0x000000002d9f0000)]
  0x000000001c259800 JavaThread "Cache worker for Build Output Cleanup Cache (D:\Coding\updatedGithub\AndroidDevPractice\.gradle\buildOutputCleanup)" [_thread_blocked, id=25500, stack(0x000000002d7f0000,0x000000002d8f0000)]
  0x000000001c257000 JavaThread "Build operations Thread 12" [_thread_blocked, id=24800, stack(0x0000000024530000,0x0000000024630000)]
  0x000000001c25b000 JavaThread "Build operations Thread 11" [_thread_blocked, id=24384, stack(0x0000000024430000,0x0000000024530000)]
  0x000000001c258800 JavaThread "Build operations Thread 10" [_thread_blocked, id=22588, stack(0x0000000024330000,0x0000000024430000)]
  0x000000001c250800 JavaThread "Build operations Thread 9" [_thread_blocked, id=13616, stack(0x0000000024230000,0x0000000024330000)]
  0x000000001c252000 JavaThread "Build operations Thread 8" [_thread_blocked, id=22928, stack(0x0000000023f10000,0x0000000024010000)]
  0x000000001c253800 JavaThread "Build operations Thread 7" [_thread_blocked, id=23628, stack(0x0000000023a10000,0x0000000023b10000)]
  0x000000001c251000 JavaThread "Build operations Thread 6" [_thread_blocked, id=20776, stack(0x0000000023910000,0x0000000023a10000)]
  0x000000001c252800 JavaThread "Build operations Thread 5" [_thread_blocked, id=24248, stack(0x0000000023810000,0x0000000023910000)]
  0x000000001c249000 JavaThread "Build operations Thread 4" [_thread_blocked, id=15000, stack(0x0000000023110000,0x0000000023210000)]
  0x000000001c24f800 JavaThread "Build operations Thread 3" [_thread_blocked, id=14096, stack(0x0000000021f60000,0x0000000022060000)]
  0x000000001c24c800 JavaThread "Build operations Thread 2" [_thread_blocked, id=13148, stack(0x0000000021ba0000,0x0000000021ca0000)]
  0x000000001c248000 JavaThread "Build operations" [_thread_blocked, id=25232, stack(0x000000001f200000,0x000000001f300000)]
  0x000000001c24f000 JavaThread "Cache worker for cache directory md-rule (C:\Users\Game\.gradle\caches\6.5\md-rule)" [_thread_blocked, id=14540, stack(0x000000001f100000,0x000000001f200000)]
  0x000000001c247800 JavaThread "Cache worker for cache directory md-supplier (C:\Users\Game\.gradle\caches\6.5\md-supplier)" [_thread_blocked, id=15368, stack(0x000000001f000000,0x000000001f100000)]
  0x000000001c24a800 JavaThread "Cache worker for checksums cache (D:\Coding\updatedGithub\AndroidDevPractice\.gradle\checksums)" [_thread_blocked, id=16796, stack(0x000000001ef00000,0x000000001f000000)]
  0x000000001c24e000 JavaThread "Cache worker for file hash cache (D:\Coding\updatedGithub\AndroidDevPractice\.gradle\6.5\fileHashes)" [_thread_blocked, id=8384, stack(0x000000001ee00000,0x000000001ef00000)]
  0x000000001c24d800 JavaThread "Thread-525" [_thread_blocked, id=24864, stack(0x000000001eb00000,0x000000001ec00000)]
  0x000000001c245000 JavaThread "Stdin handler" [_thread_blocked, id=1612, stack(0x000000001e900000,0x000000001ea00000)]
  0x000000001c249800 JavaThread "Asynchronous log dispatcher for DefaultDaemonConnection: socket connection from /127.0.0.1:51696 to /127.0.0.1:52315" [_thread_blocked, id=7260, stack(0x000000001e4c0000,0x000000001e5c0000)]
  0x000000001c24b000 JavaThread "Cancel handler" [_thread_blocked, id=3024, stack(0x0000000001390000,0x0000000001490000)]
  0x000000001c24c000 JavaThread "Handler for socket connection from /127.0.0.1:51696 to /127.0.0.1:52315" [_thread_in_native, id=13608, stack(0x0000000001290000,0x0000000001390000)]
  0x000000001c246000 JavaThread "RMI TCP Connection(6)-127.0.0.1" daemon [_thread_in_native, id=22644, stack(0x0000000036350000,0x0000000036450000)]
  0x000000001fdb0000 JavaThread "jar transforms Thread 357" [_thread_blocked, id=19400, stack(0x000000002d6f0000,0x000000002d7f0000)]
  0x000000001fdb4800 JavaThread "jar transforms Thread 356" [_thread_blocked, id=19948, stack(0x000000002d5f0000,0x000000002d6f0000)]
  0x000000001fdb5000 JavaThread "jar transforms Thread 355" [_thread_blocked, id=19720, stack(0x000000002d4f0000,0x000000002d5f0000)]
  0x000000001fdb6800 JavaThread "jar transforms Thread 354" [_thread_blocked, id=9812, stack(0x000000002d3f0000,0x000000002d4f0000)]
  0x000000001fdb1800 JavaThread "jar transforms Thread 353" [_thread_blocked, id=2104, stack(0x000000002d2f0000,0x000000002d3f0000)]
  0x000000001fdb3800 JavaThread "jar transforms Thread 352" [_thread_blocked, id=8928, stack(0x000000002d1f0000,0x000000002d2f0000)]
  0x000000001d697800 JavaThread "jar transforms Thread 351" [_thread_blocked, id=20760, stack(0x000000002d0f0000,0x000000002d1f0000)]
  0x000000001d69c000 JavaThread "jar transforms Thread 350" [_thread_blocked, id=19396, stack(0x000000002cff0000,0x000000002d0f0000)]
  0x000000001d697000 JavaThread "jar transforms Thread 349" [_thread_blocked, id=20220, stack(0x000000002cef0000,0x000000002cff0000)]
  0x000000001d698800 JavaThread "jar transforms Thread 348" [_thread_blocked, id=22912, stack(0x000000002cdf0000,0x000000002cef0000)]
  0x000000001d69b800 JavaThread "jar transforms Thread 347" [_thread_blocked, id=3556, stack(0x000000002ccf0000,0x000000002cdf0000)]
  0x000000001d69a800 JavaThread "jar transforms Thread 346" [_thread_blocked, id=24440, stack(0x000000002cbf0000,0x000000002ccf0000)]
  0x000000001d69a000 JavaThread "jar transforms Thread 345" [_thread_blocked, id=23992, stack(0x000000002caf0000,0x000000002cbf0000)]
  0x000000001d699000 JavaThread "jar transforms Thread 344" [_thread_blocked, id=23372, stack(0x000000002c9f0000,0x000000002caf0000)]
  0x000000001cb5c000 JavaThread "jar transforms Thread 343" [_thread_blocked, id=18616, stack(0x000000002c8f0000,0x000000002c9f0000)]
  0x000000001cb5b000 JavaThread "jar transforms Thread 342" [_thread_blocked, id=22568, stack(0x000000002c7f0000,0x000000002c8f0000)]
  0x000000001cb5a800 JavaThread "jar transforms Thread 341" [_thread_blocked, id=7476, stack(0x000000002c6f0000,0x000000002c7f0000)]
  0x000000001cb53000 JavaThread "jar transforms Thread 340" [_thread_blocked, id=23224, stack(0x000000002c5f0000,0x000000002c6f0000)]
  0x000000001cb59800 JavaThread "jar transforms Thread 339" [_thread_blocked, id=19780, stack(0x000000002c4f0000,0x000000002c5f0000)]
  0x000000001cb52000 JavaThread "jar transforms Thread 338" [_thread_blocked, id=14500, stack(0x000000002c3f0000,0x000000002c4f0000)]
  0x000000001cb59000 JavaThread "jar transforms Thread 337" [_thread_blocked, id=22292, stack(0x000000002c2f0000,0x000000002c3f0000)]
  0x000000001cb58000 JavaThread "jar transforms Thread 336" [_thread_blocked, id=22800, stack(0x000000002c1f0000,0x000000002c2f0000)]
  0x000000001cb57800 JavaThread "jar transforms Thread 335" [_thread_blocked, id=16436, stack(0x000000002c0f0000,0x000000002c1f0000)]
  0x000000001cb53800 JavaThread "jar transforms Thread 334" [_thread_blocked, id=24408, stack(0x000000002bff0000,0x000000002c0f0000)]
  0x000000001cb56800 JavaThread "jar transforms Thread 333" [_thread_blocked, id=18804, stack(0x000000002bef0000,0x000000002bff0000)]
  0x000000001cb55000 JavaThread "jar transforms Thread 332" [_thread_blocked, id=22288, stack(0x000000002bdf0000,0x000000002bef0000)]
  0x000000001cb56000 JavaThread "jar transforms Thread 331" [_thread_blocked, id=24684, stack(0x000000002bcf0000,0x000000002bdf0000)]
  0x000000001cb51800 JavaThread "jar transforms Thread 330" [_thread_blocked, id=5880, stack(0x000000002bbf0000,0x000000002bcf0000)]
  0x000000001cb50800 JavaThread "jar transforms Thread 329" [_thread_blocked, id=18220, stack(0x000000002baf0000,0x000000002bbf0000)]
  0x000000001cb54800 JavaThread "jar transforms Thread 328" [_thread_blocked, id=21720, stack(0x000000002b9f0000,0x000000002baf0000)]
  0x000000002f886800 JavaThread "jar transforms Thread 327" [_thread_blocked, id=25252, stack(0x000000002b7f0000,0x000000002b8f0000)]
  0x000000002f885000 JavaThread "jar transforms Thread 326" [_thread_blocked, id=22892, stack(0x000000002b6f0000,0x000000002b7f0000)]
  0x000000002f884800 JavaThread "jar transforms Thread 325" [_thread_blocked, id=19144, stack(0x000000002b5f0000,0x000000002b6f0000)]
  0x000000002f87c000 JavaThread "jar transforms Thread 324" [_thread_blocked, id=21344, stack(0x000000002b4f0000,0x000000002b5f0000)]
  0x000000002f883000 JavaThread "jar transforms Thread 323" [_thread_blocked, id=3500, stack(0x000000002b3f0000,0x000000002b4f0000)]
  0x000000002f882000 JavaThread "jar transforms Thread 322" [_thread_blocked, id=17596, stack(0x000000002b2f0000,0x000000002b3f0000)]
  0x000000002f881800 JavaThread "jar transforms Thread 321" [_thread_blocked, id=21832, stack(0x000000002b1f0000,0x000000002b2f0000)]
  0x000000002f87b800 JavaThread "jar transforms Thread 320" [_thread_blocked, id=23916, stack(0x000000002b0f0000,0x000000002b1f0000)]
  0x000000002f880800 JavaThread "jar transforms Thread 319" [_thread_blocked, id=24636, stack(0x000000002aff0000,0x000000002b0f0000)]
  0x000000002f87e800 JavaThread "jar transforms Thread 318" [_thread_blocked, id=9976, stack(0x000000002aef0000,0x000000002aff0000)]
  0x000000002f880000 JavaThread "jar transforms Thread 317" [_thread_blocked, id=14312, stack(0x000000002adf0000,0x000000002aef0000)]
  0x000000002f87d800 JavaThread "jar transforms Thread 316" [_thread_blocked, id=24908, stack(0x000000002acf0000,0x000000002adf0000)]
  0x000000002f87f000 JavaThread "jar transforms Thread 315" [_thread_blocked, id=24860, stack(0x000000002abf0000,0x000000002acf0000)]
  0x000000002f879000 JavaThread "jar transforms Thread 314" [_thread_blocked, id=476, stack(0x000000002aaf0000,0x000000002abf0000)]
  0x000000002f878800 JavaThread "jar transforms Thread 313" [_thread_blocked, id=16084, stack(0x000000002a9f0000,0x000000002aaf0000)]
  0x000000002f87a800 JavaThread "jar transforms Thread 312" [_thread_blocked, id=2148, stack(0x000000002a8f0000,0x000000002a9f0000)]
  0x000000002f87d000 JavaThread "jar transforms Thread 311" [_thread_blocked, id=1876, stack(0x000000002a7f0000,0x000000002a8f0000)]
  0x000000002025c000 JavaThread "jar transforms Thread 310" [_thread_blocked, id=5220, stack(0x000000002a6f0000,0x000000002a7f0000)]
  0x000000002025b800 JavaThread "jar transforms Thread 309" [_thread_blocked, id=20280, stack(0x000000002a5f0000,0x000000002a6f0000)]
  0x000000002025a000 JavaThread "jar transforms Thread 308" [_thread_blocked, id=20528, stack(0x000000002a4f0000,0x000000002a5f0000)]
  0x000000002025e800 JavaThread "jar transforms Thread 307" [_thread_blocked, id=24112, stack(0x000000002a3f0000,0x000000002a4f0000)]
  0x000000002025a800 JavaThread "jar transforms Thread 306" [_thread_blocked, id=4676, stack(0x000000002a2f0000,0x000000002a3f0000)]
  0x0000000020260000 JavaThread "jar transforms Thread 305" [_thread_blocked, id=4856, stack(0x000000002a1f0000,0x000000002a2f0000)]
  0x0000000020258800 JavaThread "jar transforms Thread 304" [_thread_blocked, id=11356, stack(0x000000002a0f0000,0x000000002a1f0000)]
  0x000000002025d800 JavaThread "jar transforms Thread 303" [_thread_blocked, id=20232, stack(0x0000000029ff0000,0x000000002a0f0000)]
  0x0000000020259000 JavaThread "jar transforms Thread 302" [_thread_blocked, id=23472, stack(0x0000000029ef0000,0x0000000029ff0000)]
  0x000000002025d000 JavaThread "jar transforms Thread 301" [_thread_blocked, id=10172, stack(0x0000000029df0000,0x0000000029ef0000)]
  0x000000002025f000 JavaThread "jar transforms Thread 300" [_thread_blocked, id=10408, stack(0x0000000029cf0000,0x0000000029df0000)]
  0x0000000020251000 JavaThread "jar transforms Thread 299" [_thread_blocked, id=11112, stack(0x0000000029bf0000,0x0000000029cf0000)]
  0x0000000020252800 JavaThread "jar transforms Thread 298" [_thread_blocked, id=8428, stack(0x0000000029af0000,0x0000000029bf0000)]
  0x0000000020256000 JavaThread "jar transforms Thread 297" [_thread_blocked, id=12664, stack(0x00000000299f0000,0x0000000029af0000)]
  0x0000000020254800 JavaThread "jar transforms Thread 296" [_thread_blocked, id=3836, stack(0x00000000298f0000,0x00000000299f0000)]
  0x0000000020257800 JavaThread "jar transforms Thread 295" [_thread_blocked, id=23648, stack(0x00000000297f0000,0x00000000298f0000)]
  0x0000000020253000 JavaThread "jar transforms Thread 294" [_thread_blocked, id=1108, stack(0x00000000296f0000,0x00000000297f0000)]
  0x0000000020254000 JavaThread "jar transforms Thread 293" [_thread_blocked, id=22384, stack(0x00000000295f0000,0x00000000296f0000)]
  0x0000000022e4b800 JavaThread "jar transforms Thread 292" [_thread_blocked, id=15484, stack(0x00000000294f0000,0x00000000295f0000)]
  0x0000000022e4c000 JavaThread "jar transforms Thread 291" [_thread_blocked, id=18656, stack(0x00000000293f0000,0x00000000294f0000)]
  0x0000000022e50800 JavaThread "jar transforms Thread 290" [_thread_blocked, id=25104, stack(0x00000000292f0000,0x00000000293f0000)]
  0x0000000022e4d000 JavaThread "jar transforms Thread 289" [_thread_blocked, id=25160, stack(0x00000000291f0000,0x00000000292f0000)]
  0x0000000022e4a800 JavaThread "jar transforms Thread 288" [_thread_blocked, id=22884, stack(0x00000000290f0000,0x00000000291f0000)]
  0x0000000022e50000 JavaThread "jar transforms Thread 287" [_thread_blocked, id=14108, stack(0x0000000028ff0000,0x00000000290f0000)]
  0x0000000022e51800 JavaThread "jar transforms Thread 286" [_thread_blocked, id=14192, stack(0x0000000028ef0000,0x0000000028ff0000)]
  0x0000000022e4f000 JavaThread "jar transforms Thread 285" [_thread_blocked, id=20728, stack(0x0000000028df0000,0x0000000028ef0000)]
  0x0000000022e4d800 JavaThread "jar transforms Thread 284" [_thread_blocked, id=8988, stack(0x0000000028cf0000,0x0000000028df0000)]
  0x0000000022e4e800 JavaThread "jar transforms Thread 283" [_thread_blocked, id=5380, stack(0x0000000028bf0000,0x0000000028cf0000)]
  0x0000000022e43000 JavaThread "jar transforms Thread 282" [_thread_blocked, id=25188, stack(0x0000000028af0000,0x0000000028bf0000)]
  0x0000000022e4a000 JavaThread "jar transforms Thread 281" [_thread_blocked, id=23672, stack(0x00000000289f0000,0x0000000028af0000)]
  0x0000000022e42800 JavaThread "jar transforms Thread 280" [_thread_blocked, id=11052, stack(0x00000000288f0000,0x00000000289f0000)]
  0x0000000022e47000 JavaThread "jar transforms Thread 279" [_thread_blocked, id=23012, stack(0x00000000287f0000,0x00000000288f0000)]
  0x0000000022e44000 JavaThread "jar transforms Thread 278" [_thread_blocked, id=2876, stack(0x00000000286f0000,0x00000000287f0000)]
  0x0000000022e48800 JavaThread "jar transforms Thread 277" [_thread_blocked, id=11132, stack(0x00000000285f0000,0x00000000286f0000)]
  0x0000000022e49000 JavaThread "jar transforms Thread 276" [_thread_blocked, id=12412, stack(0x00000000284f0000,0x00000000285f0000)]
  0x0000000022e44800 JavaThread "jar transforms Thread 275" [_thread_blocked, id=8748, stack(0x00000000283f0000,0x00000000284f0000)]
  0x0000000022e46000 JavaThread "jar transforms Thread 274" [_thread_blocked, id=24648, stack(0x00000000282f0000,0x00000000283f0000)]
  0x0000000019c0b800 JavaThread "jar transforms Thread 273" [_thread_blocked, id=19172, stack(0x00000000281f0000,0x00000000282f0000)]
  0x0000000019c0a000 JavaThread "jar transforms Thread 272" [_thread_blocked, id=23676, stack(0x00000000280f0000,0x00000000281f0000)]
  0x0000000019c09000 JavaThread "jar transforms Thread 271" [_thread_blocked, id=19512, stack(0x0000000027ff0000,0x00000000280f0000)]
  0x0000000019c0a800 JavaThread "jar transforms Thread 270" [_thread_blocked, id=22660, stack(0x0000000027ef0000,0x0000000027ff0000)]
  0x0000000019c08000 JavaThread "jar transforms Thread 269" [_thread_blocked, id=20848, stack(0x0000000027df0000,0x0000000027ef0000)]
  0x0000000019c0c000 JavaThread "jar transforms Thread 268" [_thread_blocked, id=23684, stack(0x0000000027cf0000,0x0000000027df0000)]
  0x0000000019c00000 JavaThread "jar transforms Thread 267" [_thread_blocked, id=17376, stack(0x0000000027bf0000,0x0000000027cf0000)]
  0x0000000019c06800 JavaThread "jar transforms Thread 266" [_thread_blocked, id=4700, stack(0x00000000278f0000,0x00000000279f0000)]
  0x0000000019c00800 JavaThread "jar transforms Thread 265" [_thread_blocked, id=8460, stack(0x00000000277f0000,0x00000000278f0000)]
  0x0000000019bff000 JavaThread "jar transforms Thread 264" [_thread_blocked, id=13452, stack(0x00000000276f0000,0x00000000277f0000)]
  0x0000000019c06000 JavaThread "jar transforms Thread 263" [_thread_blocked, id=2768, stack(0x00000000275f0000,0x00000000276f0000)]
  0x0000000019c02000 JavaThread "jar transforms Thread 262" [_thread_blocked, id=9880, stack(0x00000000274f0000,0x00000000275f0000)]
  0x0000000019c05000 JavaThread "jar transforms Thread 261" [_thread_blocked, id=17584, stack(0x00000000263f0000,0x00000000264f0000)]
  0x0000000019bfd800 JavaThread "jar transforms Thread 260" [_thread_blocked, id=7940, stack(0x00000000262f0000,0x00000000263f0000)]
  0x0000000019c04800 JavaThread "jar transforms Thread 259" [_thread_blocked, id=22744, stack(0x00000000261f0000,0x00000000262f0000)]
  0x0000000019c03800 JavaThread "jar transforms Thread 258" [_thread_blocked, id=22944, stack(0x00000000260f0000,0x00000000261f0000)]
  0x0000000019c03000 JavaThread "jar transforms Thread 257" [_thread_blocked, id=23588, stack(0x0000000025ff0000,0x00000000260f0000)]
  0x0000000019bfd000 JavaThread "jar transforms Thread 256" [_thread_blocked, id=24196, stack(0x0000000025c10000,0x0000000025d10000)]
  0x0000000019bfe800 JavaThread "jar transforms Thread 255" [_thread_blocked, id=18572, stack(0x0000000025b10000,0x0000000025c10000)]
  0x0000000019c01800 JavaThread "jar transforms Thread 254" [_thread_blocked, id=23048, stack(0x0000000025a10000,0x0000000025b10000)]
  0x000000001fee7000 JavaThread "jar transforms Thread 253" [_thread_blocked, id=24676, stack(0x0000000025910000,0x0000000025a10000)]
  0x000000001fee6000 JavaThread "jar transforms Thread 252" [_thread_blocked, id=13184, stack(0x0000000025810000,0x0000000025910000)]
  0x000000001fee5800 JavaThread "jar transforms Thread 251" [_thread_blocked, id=23644, stack(0x0000000025710000,0x0000000025810000)]
  0x000000001fedd800 JavaThread "jar transforms Thread 250" [_thread_blocked, id=17516, stack(0x0000000025610000,0x0000000025710000)]
  0x000000001fedf000 JavaThread "jar transforms Thread 249" [_thread_blocked, id=19200, stack(0x0000000025510000,0x0000000025610000)]
  0x000000001fee0800 JavaThread "jar transforms Thread 248" [_thread_blocked, id=10308, stack(0x0000000025410000,0x0000000025510000)]
  0x000000001fee0000 JavaThread "jar transforms Thread 247" [_thread_blocked, id=17364, stack(0x0000000025310000,0x0000000025410000)]
  0x000000001fee1800 JavaThread "jar transforms Thread 246" [_thread_blocked, id=21384, stack(0x0000000025210000,0x0000000025310000)]
  0x000000001fede800 JavaThread "jar transforms Thread 245" [_thread_blocked, id=22300, stack(0x0000000025110000,0x0000000025210000)]
  0x000000001fee2800 JavaThread "jar transforms Thread 244" [_thread_blocked, id=18560, stack(0x0000000025010000,0x0000000025110000)]
  0x000000001fee4800 JavaThread "jar transforms Thread 243" [_thread_blocked, id=24748, stack(0x0000000024f10000,0x0000000025010000)]
  0x000000001fee4000 JavaThread "jar transforms Thread 242" [_thread_blocked, id=21584, stack(0x0000000024e10000,0x0000000024f10000)]
  0x000000001fee3000 JavaThread "jar transforms Thread 241" [_thread_blocked, id=2296, stack(0x0000000024d10000,0x0000000024e10000)]
  0x000000001fedd000 JavaThread "jar transforms Thread 240" [_thread_blocked, id=18576, stack(0x0000000024c10000,0x0000000024d10000)]
  0x000000001fed5800 JavaThread "jar transforms Thread 239" [_thread_blocked, id=13144, stack(0x0000000024b10000,0x0000000024c10000)]
  0x000000001fec8000 JavaThread "Daemon worker Thread 3" [_thread_blocked, id=23120, stack(0x000000001e3c0000,0x000000001e4c0000)]
  0x000000001fecd000 JavaThread "Daemon Thread 3" [_thread_blocked, id=21252, stack(0x0000000001190000,0x0000000001290000)]
  0x000000001fec8800 JavaThread "RMI Reaper" [_thread_blocked, id=14344, stack(0x0000000036250000,0x0000000036350000)]
  0x000000001fdb0800 JavaThread "RMI TCP Accept-0" daemon [_thread_in_native, id=7500, stack(0x0000000036150000,0x0000000036250000)]
  0x000000002f886000 JavaThread "GC Daemon" daemon [_thread_blocked, id=22976, stack(0x0000000036050000,0x0000000036150000)]
  0x000000002f883800 JavaThread "RMI Scheduler(0)" daemon [_thread_blocked, id=14560, stack(0x00000000359c0000,0x0000000035ac0000)]
  0x0000000020251800 JavaThread "Memory manager" [_thread_blocked, id=25172, stack(0x000000002e6f0000,0x000000002e7f0000)]
  0x000000001cb5d800 JavaThread "Cache worker for file content cache (C:\Users\Game\.gradle\caches\6.5\fileContent)" [_thread_blocked, id=25296, stack(0x0000000023710000,0x0000000023810000)]
  0x000000001cb5f000 JavaThread "Cache worker for execution history cache (C:\Users\Game\.gradle\caches\6.5\executionHistory)" [_thread_blocked, id=25292, stack(0x0000000023610000,0x0000000023710000)]
  0x000000001d69d800 JavaThread "Cache worker for file hash cache (C:\Users\Game\.gradle\caches\6.5\fileHashes)" [_thread_blocked, id=22664, stack(0x000000001f700000,0x000000001f800000)]
  0x000000001d69d000 JavaThread "File lock request listener" [_thread_in_native, id=15940, stack(0x000000001f600000,0x000000001f700000)]
  0x000000001b6ed000 JavaThread "Cache worker for journal cache (C:\Users\Game\.gradle\caches\journal-1)" [_thread_blocked, id=2088, stack(0x000000001f500000,0x000000001f600000)]
  0x000000001d1df800 JavaThread "Daemon periodic checks" [_thread_blocked, id=13252, stack(0x000000001e800000,0x000000001e900000)]
  0x000000001d258000 JavaThread "Incoming local TCP Connector on port 51696" [_thread_in_native, id=17652, stack(0x000000001e5c0000,0x000000001e6c0000)]
  0x000000001d170800 JavaThread "Daemon health stats" [_thread_blocked, id=14576, stack(0x000000001df80000,0x000000001e080000)]
  0x0000000019a39000 JavaThread "Service Thread" daemon [_thread_blocked, id=25156, stack(0x000000001b3e0000,0x000000001b4e0000)]
  0x00000000199a2800 JavaThread "C1 CompilerThread3" daemon [_thread_in_vm, id=19524, stack(0x000000001b2e0000,0x000000001b3e0000)]
=>0x00000000199a2000 JavaThread "C2 CompilerThread2" daemon [_thread_in_native, id=4732, stack(0x000000001b1e0000,0x000000001b2e0000)]
  0x000000001999d000 JavaThread "C2 CompilerThread1" daemon [_thread_in_native, id=23876, stack(0x000000001b0e0000,0x000000001b1e0000)]
  0x0000000019998000 JavaThread "C2 CompilerThread0" daemon [_thread_in_native, id=7216, stack(0x000000001afe0000,0x000000001b0e0000)]
  0x0000000019994800 JavaThread "Attach Listener" daemon [_thread_blocked, id=10168, stack(0x000000001aee0000,0x000000001afe0000)]
  0x00000000182ce000 JavaThread "Signal Dispatcher" daemon [_thread_blocked, id=24712, stack(0x000000001ade0000,0x000000001aee0000)]
  0x000000000304a800 JavaThread "Finalizer" daemon [_thread_blocked, id=12548, stack(0x000000001abe0000,0x000000001ace0000)]
  0x0000000019983000 JavaThread "Reference Handler" daemon [_thread_blocked, id=21236, stack(0x000000001aae0000,0x000000001abe0000)]
  0x0000000002f4e000 JavaThread "main" [_thread_blocked, id=22612, stack(0x0000000002de0000,0x0000000002ee0000)]

Other Threads:
  0x0000000019962800 VMThread [stack: 0x000000001a9e0000,0x000000001aae0000] [id=3864]
  0x0000000019a3a800 WatcherThread [stack: 0x000000001b4e0000,0x000000001b5e0000] [id=5980]

VM state:not at safepoint (normal execution)

VM Mutex/Monitor currently owned by a thread: None

heap address: 0x0000000080000000, size: 2048 MB, Compressed Oops mode: 32-bit
Narrow klass base: 0x0000000000000000, Narrow klass shift: 3
Compressed class space size: 1073741824 Address: 0x0000000100000000

Heap:
 PSYoungGen      total 620544K, used 105523K [0x00000000d5580000, 0x0000000100000000, 0x0000000100000000)
  eden space 542208K, 19% used [0x00000000d5580000,0x00000000dbc8cc50,0x00000000f6700000)
  from space 78336K, 0% used [0x00000000f6700000,0x00000000f6700000,0x00000000fb380000)
  to   space 77312K, 0% used [0x00000000fb480000,0x00000000fb480000,0x0000000100000000)
 ParOldGen       total 373760K, used 86176K [0x0000000080000000, 0x0000000096d00000, 0x00000000d5580000)
  object space 373760K, 23% used [0x0000000080000000,0x00000000854282c0,0x0000000096d00000)
 Metaspace       used 158323K, capacity 163744K, committed 164824K, reserved 1193984K
  class space    used 19704K, capacity 20787K, committed 20992K, reserved 1048576K

Card table byte_map: [0x0000000012410000,0x0000000012820000] byte_map_base: 0x0000000012010000

Marking Bits: (ParMarkBitMap*) 0x000000005863f030
 Begin Bits: [0x00000000134d0000, 0x00000000154d0000)
 End Bits:   [0x00000000154d0000, 0x00000000174d0000)

Polling page: 0x0000000000f80000

CodeCache: size=245760Kb used=70787Kb max_used=71320Kb free=174972Kb
 bounds [0x0000000003050000, 0x0000000007680000, 0x0000000012050000]
 total_blobs=21173 nmethods=20191 adapters=893
 compilation: enabled

Compilation events (10 events):
Event: 3478.339 Thread 0x00000000199a2800 nmethod 25567 0x00000000071316d0 code [0x0000000007131a00, 0x00000000071324a8]
Event: 3478.339 Thread 0x00000000199a2800 25569 %     3       com.sun.tools.javac.jvm.ClassFile::externalize @ 7 (51 bytes)
Event: 3478.339 Thread 0x00000000199a2800 nmethod 25569% 0x00000000047fa0d0 code [0x00000000047fa240, 0x00000000047fa610]
Event: 3478.339 Thread 0x00000000199a2800 25568       2       com.sun.tools.javac.code.Types$26::visitClassType (92 bytes)
Event: 3478.339 Thread 0x00000000199a2800 nmethod 25568 0x0000000003f16950 code [0x0000000003f16b40, 0x0000000003f170d8]
Event: 3478.339 Thread 0x00000000199a2800 25564       2       com.sun.tools.javac.util.ByteBuffer::reset (6 bytes)
Event: 3478.339 Thread 0x00000000199a2800 nmethod 25564 0x0000000005968110 code [0x0000000005968260, 0x00000000059683b0]
Event: 3478.339 Thread 0x00000000199a2800 25565       2       com.sun.tools.javac.jvm.ClassWriter$CWSignatureGenerator::access$400 (5 bytes)
Event: 3478.339 Thread 0x00000000199a2800 nmethod 25565 0x0000000004f68bd0 code [0x0000000004f68d20, 0x0000000004f68e70]
Event: 3478.339 Thread 0x00000000199a2800 25566       2       com.sun.tools.javac.jvm.ClassWriter$CWSignatureGenerator::reset (8 bytes)

GC Heap History (10 events):
Event: 3440.497 GC heap before
{Heap before GC invocations=20 (full 4):
 PSYoungGen      total 639488K, used 638428K [0x00000000d5580000, 0x0000000100000000, 0x0000000100000000)
  eden space 600064K, 100% used [0x00000000d5580000,0x00000000f9f80000,0x00000000f9f80000)
  from space 39424K, 97% used [0x00000000f9f80000,0x00000000fc4f70b0,0x00000000fc600000)
  to   space 45056K, 0% used [0x00000000fd400000,0x00000000fd400000,0x0000000100000000)
 ParOldGen       total 282112K, used 79203K [0x0000000080000000, 0x0000000091380000, 0x00000000d5580000)
  object space 282112K, 28% used [0x0000000080000000,0x0000000084d58ea0,0x0000000091380000)
 Metaspace       used 134980K, capacity 140498K, committed 140760K, reserved 1171456K
  class space    used 16941K, capacity 18051K, committed 18176K, reserved 1048576K
Event: 3440.524 GC heap after
Heap after GC invocations=20 (full 4):
 PSYoungGen      total 631296K, used 45046K [0x00000000d5580000, 0x0000000100000000, 0x0000000100000000)
  eden space 586240K, 0% used [0x00000000d5580000,0x00000000d5580000,0x00000000f9200000)
  from space 45056K, 99% used [0x00000000fd400000,0x00000000ffffda90,0x0000000100000000)
  to   space 56320K, 0% used [0x00000000f9200000,0x00000000f9200000,0x00000000fc900000)
 ParOldGen       total 282112K, used 90609K [0x0000000080000000, 0x0000000091380000, 0x00000000d5580000)
  object space 282112K, 32% used [0x0000000080000000,0x000000008587c628,0x0000000091380000)
 Metaspace       used 134980K, capacity 140498K, committed 140760K, reserved 1171456K
  class space    used 16941K, capacity 18051K, committed 18176K, reserved 1048576K
}
Event: 3468.994 GC heap before
{Heap before GC invocations=21 (full 4):
 PSYoungGen      total 631296K, used 631286K [0x00000000d5580000, 0x0000000100000000, 0x0000000100000000)
  eden space 586240K, 100% used [0x00000000d5580000,0x00000000f9200000,0x00000000f9200000)
  from space 45056K, 99% used [0x00000000fd400000,0x00000000ffffda90,0x0000000100000000)
  to   space 56320K, 0% used [0x00000000f9200000,0x00000000f9200000,0x00000000fc900000)
 ParOldGen       total 282112K, used 90609K [0x0000000080000000, 0x0000000091380000, 0x00000000d5580000)
  object space 282112K, 32% used [0x0000000080000000,0x000000008587c628,0x0000000091380000)
 Metaspace       used 142854K, capacity 148452K, committed 148568K, reserved 1179648K
  class space    used 17919K, capacity 19036K, committed 19072K, reserved 1048576K
Event: 3469.022 GC heap after
Heap after GC invocations=21 (full 4):
 PSYoungGen      total 642560K, used 56298K [0x00000000d5580000, 0x0000000100000000, 0x0000000100000000)
  eden space 586240K, 0% used [0x00000000d5580000,0x00000000d5580000,0x00000000f9200000)
  from space 56320K, 99% used [0x00000000f9200000,0x00000000fc8fa9a0,0x00000000fc900000)
  to   space 56320K, 0% used [0x00000000fc900000,0x00000000fc900000,0x0000000100000000)
 ParOldGen       total 282112K, used 112618K [0x0000000080000000, 0x0000000091380000, 0x00000000d5580000)
  object space 282112K, 39% used [0x0000000080000000,0x0000000086dfaa50,0x0000000091380000)
 Metaspace       used 142854K, capacity 148452K, committed 148568K, reserved 1179648K
  class space    used 17919K, capacity 19036K, committed 19072K, reserved 1048576K
}
Event: 3470.780 GC heap before
{Heap before GC invocations=22 (full 4):
 PSYoungGen      total 642560K, used 642538K [0x00000000d5580000, 0x0000000100000000, 0x0000000100000000)
  eden space 586240K, 100% used [0x00000000d5580000,0x00000000f9200000,0x00000000f9200000)
  from space 56320K, 99% used [0x00000000f9200000,0x00000000fc8fa9a0,0x00000000fc900000)
  to   space 56320K, 0% used [0x00000000fc900000,0x00000000fc900000,0x0000000100000000)
 ParOldGen       total 282112K, used 112618K [0x0000000080000000, 0x0000000091380000, 0x00000000d5580000)
  object space 282112K, 39% used [0x0000000080000000,0x0000000086dfaa50,0x0000000091380000)
 Metaspace       used 157341K, capacity 162992K, committed 163416K, reserved 1191936K
  class space    used 19616K, capacity 20756K, committed 20864K, reserved 1048576K
Event: 3470.814 GC heap after
Heap after GC invocations=22 (full 4):
 PSYoungGen      total 598528K, used 54255K [0x00000000d5580000, 0x0000000100000000, 0x0000000100000000)
  eden space 542208K, 0% used [0x00000000d5580000,0x00000000d5580000,0x00000000f6700000)
  from space 56320K, 96% used [0x00000000fc900000,0x00000000ffdfbd18,0x0000000100000000)
  to   space 78336K, 0% used [0x00000000f6700000,0x00000000f6700000,0x00000000fb380000)
 ParOldGen       total 282112K, used 158713K [0x0000000080000000, 0x0000000091380000, 0x00000000d5580000)
  object space 282112K, 56% used [0x0000000080000000,0x0000000089afe528,0x0000000091380000)
 Metaspace       used 157341K, capacity 162992K, committed 163416K, reserved 1191936K
  class space    used 19616K, capacity 20756K, committed 20864K, reserved 1048576K
}
Event: 3477.500 GC heap before
{Heap before GC invocations=23 (full 4):
 PSYoungGen      total 598528K, used 150764K [0x00000000d5580000, 0x0000000100000000, 0x0000000100000000)
  eden space 542208K, 17% used [0x00000000d5580000,0x00000000db3bf6b8,0x00000000f6700000)
  from space 56320K, 96% used [0x00000000fc900000,0x00000000ffdfbd18,0x0000000100000000)
  to   space 78336K, 0% used [0x00000000f6700000,0x00000000f6700000,0x00000000fb380000)
 ParOldGen       total 282112K, used 158713K [0x0000000080000000, 0x0000000091380000, 0x00000000d5580000)
  object space 282112K, 56% used [0x0000000080000000,0x0000000089afe528,0x0000000091380000)
 Metaspace       used 158046K, capacity 163770K, committed 163776K, reserved 1191936K
  class space    used 19719K, capacity 20861K, committed 20864K, reserved 1048576K
Event: 3477.506 GC heap after
Heap after GC invocations=23 (full 4):
 PSYoungGen      total 620544K, used 8266K [0x00000000d5580000, 0x0000000100000000, 0x0000000100000000)
  eden space 542208K, 0% used [0x00000000d5580000,0x00000000d5580000,0x00000000f6700000)
  from space 78336K, 10% used [0x00000000f6700000,0x00000000f6f12a10,0x00000000fb380000)
  to   space 77312K, 0% used [0x00000000fb480000,0x00000000fb480000,0x0000000100000000)
 ParOldGen       total 282112K, used 158721K [0x0000000080000000, 0x0000000091380000, 0x00000000d5580000)
  object space 282112K, 56% used [0x0000000080000000,0x0000000089b00528,0x0000000091380000)
 Metaspace       used 158046K, capacity 163770K, committed 163776K, reserved 1191936K
  class space    used 19719K, capacity 20861K, committed 20864K, reserved 1048576K
}
Event: 3477.506 GC heap before
{Heap before GC invocations=24 (full 5):
 PSYoungGen      total 620544K, used 8266K [0x00000000d5580000, 0x0000000100000000, 0x0000000100000000)
  eden space 542208K, 0% used [0x00000000d5580000,0x00000000d5580000,0x00000000f6700000)
  from space 78336K, 10% used [0x00000000f6700000,0x00000000f6f12a10,0x00000000fb380000)
  to   space 77312K, 0% used [0x00000000fb480000,0x00000000fb480000,0x0000000100000000)
 ParOldGen       total 282112K, used 158721K [0x0000000080000000, 0x0000000091380000, 0x00000000d5580000)
  object space 282112K, 56% used [0x0000000080000000,0x0000000089b00528,0x0000000091380000)
 Metaspace       used 158046K, capacity 163770K, committed 163776K, reserved 1191936K
  class space    used 19719K, capacity 20861K, committed 20864K, reserved 1048576K
Event: 3477.771 GC heap after
Heap after GC invocations=24 (full 5):
 PSYoungGen      total 620544K, used 0K [0x00000000d5580000, 0x0000000100000000, 0x0000000100000000)
  eden space 542208K, 0% used [0x00000000d5580000,0x00000000d5580000,0x00000000f6700000)
  from space 78336K, 0% used [0x00000000f6700000,0x00000000f6700000,0x00000000fb380000)
  to   space 77312K, 0% used [0x00000000fb480000,0x00000000fb480000,0x0000000100000000)
 ParOldGen       total 373760K, used 86176K [0x0000000080000000, 0x0000000096d00000, 0x00000000d5580000)
  object space 373760K, 23% used [0x0000000080000000,0x00000000854282c0,0x0000000096d00000)
 Metaspace       used 157276K, capacity 162500K, committed 163776K, reserved 1191936K
  class space    used 19576K, capacity 20602K, committed 20864K, reserved 1048576K
}

Deoptimization events (10 events):
Event: 3478.316 Thread 0x000000001c25c800 Uncommon trap: reason=class_check action=maybe_recompile pc=0x0000000005b71ca0 method=com.sun.tools.javac.code.Type.map(Lcom/sun/tools/javac/util/List;Lcom/sun/tools/javac/code/Type$Mapping;)Lcom/sun/tools/javac/util/List; @ 24
Event: 3478.316 Thread 0x000000001c25c800 Uncommon trap: reason=unstable_if action=reinterpret pc=0x0000000006e4efec method=com.sun.tools.javac.comp.Check.checkDeprecated(Lcom/sun/tools/javac/util/JCDiagnostic$DiagnosticPosition;Lcom/sun/tools/javac/code/Symbol;Lcom/sun/tools/javac/code/Symbol;)V
Event: 3478.317 Thread 0x000000001c25c800 Uncommon trap: reason=class_check action=maybe_recompile pc=0x00000000061bb05c method=com.sun.tools.javac.code.Type.containsAny(Lcom/sun/tools/javac/util/List;)Z @ 6
Event: 3478.317 Thread 0x000000001c25c800 Uncommon trap: reason=bimorphic action=maybe_recompile pc=0x0000000006ef0b18 method=com.sun.tools.javac.comp.Attr.visitLiteral(Lcom/sun/tools/javac/tree/JCTree$JCLiteral;)V @ 15
Event: 3478.317 Thread 0x000000001c25c800 Uncommon trap: reason=class_check action=maybe_recompile pc=0x00000000061bb05c method=com.sun.tools.javac.code.Type.containsAny(Lcom/sun/tools/javac/util/List;)Z @ 6
Event: 3478.323 Thread 0x000000001c25c800 Uncommon trap: reason=class_check action=maybe_recompile pc=0x00000000061bb05c method=com.sun.tools.javac.code.Type.containsAny(Lcom/sun/tools/javac/util/List;)Z @ 6
Event: 3478.323 Thread 0x000000001c25c800 Uncommon trap: reason=bimorphic action=maybe_recompile pc=0x0000000006ef0b18 method=com.sun.tools.javac.comp.Attr.visitLiteral(Lcom/sun/tools/javac/tree/JCTree$JCLiteral;)V @ 15
Event: 3478.323 Thread 0x000000001c25c800 Uncommon trap: reason=class_check action=maybe_recompile pc=0x00000000061bb05c method=com.sun.tools.javac.code.Type.containsAny(Lcom/sun/tools/javac/util/List;)Z @ 6
Event: 3478.328 Thread 0x000000001c25c800 Uncommon trap: reason=bimorphic action=maybe_recompile pc=0x0000000006ef0b18 method=com.sun.tools.javac.comp.Attr.visitLiteral(Lcom/sun/tools/javac/tree/JCTree$JCLiteral;)V @ 15
Event: 3478.332 Thread 0x000000001c25c800 Uncommon trap: reason=bimorphic action=maybe_recompile pc=0x0000000006ef0b18 method=com.sun.tools.javac.comp.Attr.visitLiteral(Lcom/sun/tools/javac/tree/JCTree$JCLiteral;)V @ 15

Classes redefined (0 events):
No events

Internal exceptions (10 events):
Event: 3470.885 Thread 0x000000001c25c800 Exception <a 'sun/nio/fs/WindowsException'> (0x00000000d779cb98) thrown at [C:\src\AOSP-openjdk-git\hotspot\src\share\vm\prims\jni.cpp, line 710]
Event: 3470.885 Thread 0x000000001c25c800 Exception <a 'sun/nio/fs/WindowsException'> (0x00000000d779d890) thrown at [C:\src\AOSP-openjdk-git\hotspot\src\share\vm\prims\jni.cpp, line 710]
Event: 3470.986 Thread 0x000000001fecf800 Exception <a 'java/lang/InterruptedException'> (0x00000000d7f901e8) thrown at [C:\src\AOSP-openjdk-git\hotspot\src\share\vm\runtime\objectMonitor.cpp, line 1680]
Event: 3477.439 Thread 0x000000001c25c800 Exception <a 'sun/nio/fs/WindowsException'> (0x00000000da7de6e0) thrown at [C:\src\AOSP-openjdk-git\hotspot\src\share\vm\prims\jni.cpp, line 710]
Event: 3477.439 Thread 0x000000001c25c800 Exception <a 'sun/nio/fs/WindowsException'> (0x00000000da7df3d0) thrown at [C:\src\AOSP-openjdk-git\hotspot\src\share\vm\prims\jni.cpp, line 710]
Event: 3477.440 Thread 0x000000001c25c800 Exception <a 'sun/nio/fs/WindowsException'> (0x00000000da7e5c48) thrown at [C:\src\AOSP-openjdk-git\hotspot\src\share\vm\prims\jni.cpp, line 710]
Event: 3477.440 Thread 0x000000001c25c800 Exception <a 'sun/nio/fs/WindowsException'> (0x00000000da7e6978) thrown at [C:\src\AOSP-openjdk-git\hotspot\src\share\vm\prims\jni.cpp, line 710]
Event: 3477.441 Thread 0x000000001c25c800 Exception <a 'sun/nio/fs/WindowsException'> (0x00000000da801480) thrown at [C:\src\AOSP-openjdk-git\hotspot\src\share\vm\prims\jni.cpp, line 710]
Event: 3477.441 Thread 0x000000001c25c800 Exception <a 'sun/nio/fs/WindowsException'> (0x00000000da8021c0) thrown at [C:\src\AOSP-openjdk-git\hotspot\src\share\vm\prims\jni.cpp, line 710]
Event: 3478.170 Thread 0x000000001c25c800 Implicit null exception at 0x00000000074497f4 to 0x000000000744aa51

Events (10 events):
Event: 3478.323 Thread 0x000000001c25c800 DEOPT UNPACKING pc=0x000000000309557b sp=0x000000002dbea518 mode 2
Event: 3478.323 Thread 0x000000001c25c800 Uncommon trap: trap_request=0xffffffde fr.pc=0x00000000061bb05c
Event: 3478.323 Thread 0x000000001c25c800 DEOPT PACKING pc=0x00000000061bb05c sp=0x000000002dbea1d0
Event: 3478.323 Thread 0x000000001c25c800 DEOPT UNPACKING pc=0x000000000309557b sp=0x000000002dbea168 mode 2
Event: 3478.328 Thread 0x000000001c25c800 Uncommon trap: trap_request=0xffffffc6 fr.pc=0x0000000006ef0b18
Event: 3478.328 Thread 0x000000001c25c800 DEOPT PACKING pc=0x0000000006ef0b18 sp=0x000000002dbea560
Event: 3478.328 Thread 0x000000001c25c800 DEOPT UNPACKING pc=0x000000000309557b sp=0x000000002dbea518 mode 2
Event: 3478.332 Thread 0x000000001c25c800 Uncommon trap: trap_request=0xffffffc6 fr.pc=0x0000000006ef0b18
Event: 3478.332 Thread 0x000000001c25c800 DEOPT PACKING pc=0x0000000006ef0b18 sp=0x000000002dbea560
Event: 3478.332 Thread 0x000000001c25c800 DEOPT UNPACKING pc=0x000000000309557b sp=0x000000002dbea518 mode 2


Dynamic libraries:
0x00007ff6c8a50000 - 0x00007ff6c8a81000 	D:\Android\jre\bin\java.exe
0x00007ffcf0740000 - 0x00007ffcf0930000 	C:\WINDOWS\SYSTEM32\ntdll.dll
0x00007ffcf0080000 - 0x00007ffcf0132000 	C:\WINDOWS\System32\KERNEL32.DLL
0x00007ffcedfd0000 - 0x00007ffcee275000 	C:\WINDOWS\System32\KERNELBASE.dll
0x00007ffcef870000 - 0x00007ffcef913000 	C:\WINDOWS\System32\ADVAPI32.dll
0x00007ffceea60000 - 0x00007ffceeafe000 	C:\WINDOWS\System32\msvcrt.dll
0x00007ffceff80000 - 0x00007ffcf0017000 	C:\WINDOWS\System32\sechost.dll
0x00007ffcef9a0000 - 0x00007ffcefac0000 	C:\WINDOWS\System32\RPCRT4.dll
0x00007ffcefac0000 - 0x00007ffcefc54000 	C:\WINDOWS\System32\USER32.dll
0x00007ffcedf40000 - 0x00007ffcedf61000 	C:\WINDOWS\System32\win32u.dll
0x00007ffceff50000 - 0x00007ffceff76000 	C:\WINDOWS\System32\GDI32.dll
0x00007ffcee280000 - 0x00007ffcee416000 	C:\WINDOWS\System32\gdi32full.dll
0x00007ffcee750000 - 0x00007ffcee7ee000 	C:\WINDOWS\System32\msvcp_win.dll
0x00007ffcee420000 - 0x00007ffcee51a000 	C:\WINDOWS\System32\ucrtbase.dll
0x00007ffce2240000 - 0x00007ffce24c4000 	C:\WINDOWS\WinSxS\amd64_microsoft.windows.common-controls_6595b64144ccf1df_6.0.18362.1256_none_9e7e379be45e40e2\COMCTL32.dll
0x00007ffcef370000 - 0x00007ffcef6a6000 	C:\WINDOWS\System32\combase.dll
0x00007ffcee520000 - 0x00007ffcee5a1000 	C:\WINDOWS\System32\bcryptPrimitives.dll
0x00007ffcef270000 - 0x00007ffcef29e000 	C:\WINDOWS\System32\IMM32.DLL
0x0000000057d90000 - 0x0000000057e62000 	D:\Android\jre\jre\bin\msvcr100.dll
0x0000000057e70000 - 0x00000000586bb000 	D:\Android\jre\jre\bin\server\jvm.dll
0x00007ffcee7f0000 - 0x00007ffcee7f8000 	C:\WINDOWS\System32\PSAPI.DLL
0x00007ffcdb8d0000 - 0x00007ffcdb8d9000 	C:\WINDOWS\SYSTEM32\WSOCK32.dll
0x00007ffce8a20000 - 0x00007ffce8a44000 	C:\WINDOWS\SYSTEM32\WINMM.dll
0x00007ffce7050000 - 0x00007ffce705a000 	C:\WINDOWS\SYSTEM32\VERSION.dll
0x00007ffcef930000 - 0x00007ffcef99f000 	C:\WINDOWS\System32\WS2_32.dll
0x00007ffce89f0000 - 0x00007ffce8a1d000 	C:\WINDOWS\SYSTEM32\winmmbase.dll
0x00007ffcedef0000 - 0x00007ffcedf3a000 	C:\WINDOWS\System32\cfgmgr32.dll
0x00007ffce9c10000 - 0x00007ffce9c1f000 	D:\Android\jre\jre\bin\verify.dll
0x00007ffce8c80000 - 0x00007ffce8ca9000 	D:\Android\jre\jre\bin\java.dll
0x00007ffce9bf0000 - 0x00007ffce9c06000 	D:\Android\jre\jre\bin\zip.dll
0x00007ffceeb00000 - 0x00007ffcef1e7000 	C:\WINDOWS\System32\SHELL32.dll
0x00007ffcee9b0000 - 0x00007ffceea59000 	C:\WINDOWS\System32\shcore.dll
0x00007ffced760000 - 0x00007ffcedee1000 	C:\WINDOWS\System32\windows.storage.dll
0x00007ffced680000 - 0x00007ffced6a3000 	C:\WINDOWS\System32\profapi.dll
0x00007ffced610000 - 0x00007ffced65a000 	C:\WINDOWS\System32\powrprof.dll
0x00007ffced5e0000 - 0x00007ffced5f0000 	C:\WINDOWS\System32\UMPDC.dll
0x00007ffcef7f0000 - 0x00007ffcef842000 	C:\WINDOWS\System32\shlwapi.dll
0x00007ffced660000 - 0x00007ffced671000 	C:\WINDOWS\System32\kernel.appcore.dll
0x00007ffcee700000 - 0x00007ffcee717000 	C:\WINDOWS\System32\cryptsp.dll
0x00007ffcde0b0000 - 0x00007ffcde0ca000 	D:\Android\jre\jre\bin\net.dll
0x00007ffcece30000 - 0x00007ffcece97000 	C:\WINDOWS\system32\mswsock.dll
0x00007ffcdb6e0000 - 0x00007ffcdb6f3000 	D:\Android\jre\jre\bin\nio.dll
0x00007ffccc920000 - 0x00007ffccc947000 	C:\Users\Game\.gradle\native\f6784746aeab05261644944871eae4fe03e0ef1612fff0a4a95f87b438bc6780\windows-amd64\native-platform.dll
0x00007ffce9bc0000 - 0x00007ffce9bcd000 	D:\Android\jre\jre\bin\management.dll
0x00007ffcec9a0000 - 0x00007ffcec9d3000 	C:\WINDOWS\system32\rsaenh.dll
0x00007ffcee720000 - 0x00007ffcee746000 	C:\WINDOWS\System32\bcrypt.dll
0x00007ffced500000 - 0x00007ffced525000 	C:\WINDOWS\SYSTEM32\USERENV.dll
0x00007ffced000000 - 0x00007ffced00c000 	C:\WINDOWS\SYSTEM32\CRYPTBASE.dll
0x00007ffcecb40000 - 0x00007ffcecb7a000 	C:\WINDOWS\SYSTEM32\IPHLPAPI.DLL
0x00007ffcef920000 - 0x00007ffcef928000 	C:\WINDOWS\System32\NSI.dll
0x00007ffce5670000 - 0x00007ffce5686000 	C:\WINDOWS\SYSTEM32\dhcpcsvc6.DLL
0x00007ffce7740000 - 0x00007ffce775c000 	C:\WINDOWS\SYSTEM32\dhcpcsvc.DLL
0x00007ffcecb90000 - 0x00007ffcecc5b000 	C:\WINDOWS\SYSTEM32\DNSAPI.dll
0x00007ffce5c50000 - 0x00007ffce5c5b000 	C:\WINDOWS\SYSTEM32\WINNSI.DLL
0x00007ffcec620000 - 0x00007ffcec651000 	C:\WINDOWS\SYSTEM32\ntmarta.dll
0x00007ffcdb520000 - 0x00007ffcdb544000 	D:\Android\jre\jre\bin\sunec.dll
0x00007ffce7410000 - 0x00007ffce741a000 	C:\Windows\System32\rasadhlp.dll
0x00007ffce71a0000 - 0x00007ffce7217000 	C:\WINDOWS\System32\fwpuclnt.dll
0x00007ffcdf9e0000 - 0x00007ffcdf9eb000 	D:\Android\jre\jre\bin\sunmscapi.dll
0x00007ffcee5b0000 - 0x00007ffcee6f9000 	C:\WINDOWS\System32\CRYPT32.dll
0x00007ffced5f0000 - 0x00007ffced602000 	C:\WINDOWS\System32\MSASN1.dll
0x00007ffcc6950000 - 0x00007ffcc696e000 	C:\Users\Game\AppData\Local\Temp\native-platform7064856726490128920dir\native-platform.dll
0x0000000066e00000 - 0x0000000066f03000 	C:\Users\Game\AppData\Local\Temp\sqlite-3.25.2-693aa0b0-1085-4f9b-8015-86211e659668-sqlitejdbc.dll
0x0000000037650000 - 0x0000000037753000 	C:\Users\Game\AppData\Local\Temp\sqlite-3.25.2-ef90bde1-e21d-4cff-bae9-1b4fcfe66554-sqlitejdbc.dll
0x00000000356c0000 - 0x00000000357c3000 	C:\Users\Game\AppData\Local\Temp\sqlite-3.25.2-77cfab50-cbcb-4794-a790-e12a318de03d-sqlitejdbc.dll

VM Arguments:
jvm_args: -Xmx2048m -Dfile.encoding=UTF-8 -Duser.country=US -Duser.language=en -Duser.variant 
java_command: org.gradle.launcher.daemon.bootstrap.GradleDaemon 6.5
java_class_path (initial): C:\Users\Game\.gradle\wrapper\dists\gradle-6.5-all\2oz4ud9k3tuxjg84bbf55q0tn\gradle-6.5\lib\gradle-launcher-6.5.jar
Launcher Type: SUN_STANDARD

Environment Variables:
JAVA_HOME=C:\Program Files\Java\jdk1.8.0_201
PATH=C:\Program Files (x86)\Common Files\Oracle\Java\javapath;C:\WINDOWS\system32;C:\WINDOWS;C:\WINDOWS\System32\Wbem;C:\WINDOWS\System32\WindowsPowerShell\v1.0\;C:\WINDOWS\System32\OpenSSH\;C:\Program Files\NVIDIA Corporation\NVIDIA NvDLISR;C:\Program Files (x86)\NVIDIA Corporation\PhysX\Common;C:\ProgramData\chocolatey\bin;C:\WINDOWS\system32;C:\WINDOWS;C:\WINDOWS\System32\Wbem;C:\WINDOWS\System32\WindowsPowerShell\v1.0\;C:\WINDOWS\System32\OpenSSH\;D:\Coding\Programs\Git\cmd;C:\Program Files\Intel\WiFi\bin\;C:\Program Files\Common Files\Intel\WirelessCommon\;C:\Users\Game\AppData\Local\Microsoft\WindowsApps;%USERPROFILE%\AppData\Local\Microsoft\WindowsApps;%GRADLE_HOME%\bin\;D:\GCloud\google-cloud-sdk\bin;C:\Program Files\Intel\WiFi\bin\;C:\Program Files\Common Files\Intel\WirelessCommon\;D:\Exercism
USERNAME=Game
OS=Windows_NT
PROCESSOR_IDENTIFIER=Intel64 Family 6 Model 158 Stepping 10, GenuineIntel



---------------  S Y S T E M  ---------------

OS: Windows 10.0 , 64 bit Build 18362 (10.0.18362.1110)

CPU:total 12 (initial active 12) (6 cores per cpu, 2 threads per core) family 6 model 158 stepping 10, cmov, cx8, fxsr, mmx, sse, sse2, sse3, ssse3, sse4.1, sse4.2, popcnt, avx, avx2, aes, clmul, erms, rtm, 3dnowpref, lzcnt, ht, tsc, tscinvbit, bmi1, bmi2, adx

Memory: 4k page, physical 16618496k(3073020k free), swap 19628032k(6048k free)

vm_info: OpenJDK 64-Bit Server VM (25.242-b01) for windows-amd64 JRE (1.8.0_242-release-1644-b01), built by "builder" with MS VC++ 10.0 (VS2010)

time: Fri Dec 25 00:41:16 2020
timezone: Mountain Standard Time
elapsed time: 3478 seconds (0d 0h 57m 58s)

