#
# There is insufficient memory for the Java Runtime Environment to continue.
# Native memory allocation (malloc) failed to allocate 1139056 bytes for Chunk::new
# Possible reasons:
#   The system is out of physical RAM or swap space
#   The process is running with CompressedOops enabled, and the Java Heap may be blocking the growth of the native heap
# Possible solutions:
#   Reduce memory load on the system
#   Increase physical memory or swap space
#   Check if swap backing store is full
#   Decrease Java heap size (-Xmx/-Xms)
#   Decrease number of Java threads
#   Decrease Java thread stack sizes (-Xss)
#   Set larger code cache with -XX:ReservedCodeCacheSize=
#   JVM is running with Zero Based Compressed Oops mode in which the Java heap is
#     placed in the first 32GB address space. The Java Heap base address is the
#     maximum limit for the native heap growth. Please use -XX:HeapBaseMinAddress
#     to set the Java Heap base and to place the Java Heap above 32GB virtual address.
# This output file may be truncated or incomplete.
#
#  Out of Memory Error (allocation.cpp:389), pid=20884, tid=0x0000000000002fd8
#
# JRE version: OpenJDK Runtime Environment (8.0_242-b01) (build 1.8.0_242-release-1644-b01)
# Java VM: OpenJDK 64-Bit Server VM (25.242-b01 mixed mode windows-amd64 compressed oops)
# Failed to write core dump. Minidumps are not enabled by default on client versions of Windows
#

---------------  T H R E A D  ---------------

Current thread (0x000000001da42000):  JavaThread "C2 CompilerThread2" daemon [_thread_in_native, id=12248, stack(0x000000001f280000,0x000000001f380000)]

Stack: [0x000000001f280000,0x000000001f380000]
[error occurred during error reporting (printing stack bounds), id 0xc0000005]

Native frames: (J=compiled Java code, j=interpreted, Vv=VM code, C=native code)


Current CompileTask:
C2:   6407 9890       4       org.jetbrains.org.objectweb.asm.ClassReader::readCode (5089 bytes)


---------------  P R O C E S S  ---------------

Java Threads: ( => current thread )
  0x000000001dac9800 JavaThread "Service Thread" daemon [_thread_blocked, id=19788, stack(0x000000001f480000,0x000000001f580000)]
  0x000000001da43000 JavaThread "C1 CompilerThread3" daemon [_thread_in_vm, id=21552, stack(0x000000001f380000,0x000000001f480000)]
=>0x000000001da42000 JavaThread "C2 CompilerThread2" daemon [_thread_in_native, id=12248, stack(0x000000001f280000,0x000000001f380000)]
  0x000000001da3d800 JavaThread "C2 CompilerThread1" daemon [_thread_in_native, id=3896, stack(0x000000001f180000,0x000000001f280000)]
  0x000000001da35800 JavaThread "C2 CompilerThread0" daemon [_thread_in_native, id=8844, stack(0x000000001f080000,0x000000001f180000)]
  0x000000001da34800 JavaThread "Attach Listener" daemon [_thread_blocked, id=22928, stack(0x000000001ef80000,0x000000001f080000)]
  0x000000001c34e800 JavaThread "Signal Dispatcher" daemon [_thread_blocked, id=16952, stack(0x000000001ee80000,0x000000001ef80000)]
  0x000000000269b800 JavaThread "Finalizer" daemon [_thread_blocked, id=17192, stack(0x000000001ec80000,0x000000001ed80000)]
  0x000000001da23000 JavaThread "Reference Handler" daemon [_thread_blocked, id=20792, stack(0x000000001eb80000,0x000000001ec80000)]
  0x000000000278e800 JavaThread "main" [_thread_in_Java, id=13268, stack(0x0000000002420000,0x0000000002520000)]

Other Threads:
  0x000000001c336000 VMThread [stack: 0x000000001ea80000,0x000000001eb80000] [id=24600]
  0x000000001daca000 WatcherThread [stack: 0x000000001f580000,0x000000001f680000] [id=9260]

VM state:not at safepoint (normal execution)

VM Mutex/Monitor currently owned by a thread: None

heap address: 0x00000006c2600000, size: 4058 MB, Compressed Oops mode: Zero based, Oop shift amount: 3
Narrow klass base: 0x0000000000000000, Narrow klass shift: 3
Compressed class space size: 1073741824 Address: 0x00000007c0000000

Heap:
 PSYoungGen      total 204800K, used 70826K [0x000000076b780000, 0x0000000780600000, 0x00000007c0000000)
  eden space 194048K, 30% used [0x000000076b780000,0x000000076f22f3f8,0x0000000777500000)
  from space 10752K, 99% used [0x0000000777500000,0x0000000777f7b7b8,0x0000000777f80000)
  to   space 46080K, 0% used [0x000000077d900000,0x000000077d900000,0x0000000780600000)
 ParOldGen       total 196096K, used 77440K [0x00000006c2600000, 0x00000006ce580000, 0x000000076b780000)
  object space 196096K, 39% used [0x00000006c2600000,0x00000006c71a0080,0x00000006ce580000)
 Metaspace       used 57241K, capacity 58382K, committed 58536K, reserved 1099776K
  class space    used 6971K, capacity 7296K, committed 7344K, reserved 1048576K

Card table byte_map: [0x0000000011b50000,0x0000000012340000] byte_map_base: 0x000000000e53d000

Marking Bits: (ParMarkBitMap*) 0x000000005863f030
 Begin Bits: [0x0000000013290000, 0x00000000171f8000)
 End Bits:   [0x00000000171f8000, 0x000000001b160000)

Polling page: 0x0000000000640000

CodeCache: size=245760Kb used=38041Kb max_used=38041Kb free=207718Kb
 bounds [0x0000000002790000, 0x0000000004ce0000, 0x0000000011790000]
 total_blobs=9051 nmethods=8555 adapters=407
 compilation: enabled

Compilation events (10 events):
Event: 6.401 Thread 0x000000001da43000 10035       3       org.jetbrains.kotlin.types.expressions.AssignedVariablesSearcher::<init> (21 bytes)
Event: 6.402 Thread 0x000000001da43000 nmethod 10035 0x0000000004cd0b10 code [0x0000000004cd0cc0, 0x0000000004cd1158]
Event: 6.403 Thread 0x000000001da43000 10036       3       org.jetbrains.kotlin.load.java.lazy.descriptors.LazyJavaScope$propertyNamesLazy$2::invoke (5 bytes)
Event: 6.403 Thread 0x000000001da43000 nmethod 10036 0x0000000004cd1390 code [0x0000000004cd1500, 0x0000000004cd1808]
Event: 6.403 Thread 0x000000001da43000 10037       3       org.jetbrains.kotlin.load.java.lazy.descriptors.LazyJavaScope$propertyNamesLazy$2::invoke (12 bytes)
Event: 6.403 Thread 0x000000001da43000 nmethod 10037 0x0000000004cd1910 code [0x0000000004cd1a80, 0x0000000004cd1cc8]
Event: 6.403 Thread 0x000000001da43000 10038       3       org.jetbrains.kotlin.load.java.lazy.descriptors.LazyJavaScope$functionNamesLazy$2::invoke (5 bytes)
Event: 6.404 Thread 0x000000001da43000 nmethod 10038 0x0000000004cd1d90 code [0x0000000004cd1f00, 0x0000000004cd2208]
Event: 6.404 Thread 0x000000001da43000 10039       3       org.jetbrains.kotlin.descriptors.impl.PropertyGetterDescriptorImpl::getOriginal (14 bytes)
Event: 6.404 Thread 0x000000001da43000 nmethod 10039 0x0000000004cd2310 code [0x0000000004cd2480, 0x0000000004cd2668]

GC Heap History (10 events):
Event: 1.065 GC heap before
{Heap before GC invocations=3 (full 1):
 PSYoungGen      total 140800K, used 10408K [0x000000076b780000, 0x0000000774b80000, 0x00000007c0000000)
  eden space 130048K, 0% used [0x000000076b780000,0x000000076b780000,0x0000000773680000)
  from space 10752K, 96% used [0x0000000774100000,0x0000000774b2a010,0x0000000774b80000)
  to   space 10752K, 0% used [0x0000000773680000,0x0000000773680000,0x0000000774100000)
 ParOldGen       total 173568K, used 4280K [0x00000006c2600000, 0x00000006ccf80000, 0x000000076b780000)
  object space 173568K, 2% used [0x00000006c2600000,0x00000006c2a2e2f0,0x00000006ccf80000)
 Metaspace       used 20806K, capacity 21212K, committed 21296K, reserved 1069056K
  class space    used 2442K, capacity 2600K, committed 2608K, reserved 1048576K
Event: 1.088 GC heap after
Heap after GC invocations=3 (full 1):
 PSYoungGen      total 140800K, used 0K [0x000000076b780000, 0x0000000774b80000, 0x00000007c0000000)
  eden space 130048K, 0% used [0x000000076b780000,0x000000076b780000,0x0000000773680000)
  from space 10752K, 0% used [0x0000000774100000,0x0000000774100000,0x0000000774b80000)
  to   space 10752K, 0% used [0x0000000773680000,0x0000000773680000,0x0000000774100000)
 ParOldGen       total 111104K, used 10023K [0x00000006c2600000, 0x00000006c9280000, 0x000000076b780000)
  object space 111104K, 9% used [0x00000006c2600000,0x00000006c2fc9d90,0x00000006c9280000)
 Metaspace       used 20806K, capacity 21212K, committed 21296K, reserved 1069056K
  class space    used 2442K, capacity 2600K, committed 2608K, reserved 1048576K
}
Event: 2.118 GC heap before
{Heap before GC invocations=4 (full 1):
 PSYoungGen      total 140800K, used 101866K [0x000000076b780000, 0x0000000774b80000, 0x00000007c0000000)
  eden space 130048K, 78% used [0x000000076b780000,0x0000000771afa9c0,0x0000000773680000)
  from space 10752K, 0% used [0x0000000774100000,0x0000000774100000,0x0000000774b80000)
  to   space 10752K, 0% used [0x0000000773680000,0x0000000773680000,0x0000000774100000)
 ParOldGen       total 111104K, used 10023K [0x00000006c2600000, 0x00000006c9280000, 0x000000076b780000)
  object space 111104K, 9% used [0x00000006c2600000,0x00000006c2fc9d90,0x00000006c9280000)
 Metaspace       used 34757K, capacity 35252K, committed 35496K, reserved 1081344K
  class space    used 4339K, capacity 4483K, committed 4528K, reserved 1048576K
Event: 2.133 GC heap after
Heap after GC invocations=4 (full 1):
 PSYoungGen      total 140800K, used 10743K [0x000000076b780000, 0x0000000778a00000, 0x00000007c0000000)
  eden space 130048K, 0% used [0x000000076b780000,0x000000076b780000,0x0000000773680000)
  from space 10752K, 99% used [0x0000000773680000,0x00000007740fdfb8,0x0000000774100000)
  to   space 10752K, 0% used [0x0000000777f80000,0x0000000777f80000,0x0000000778a00000)
 ParOldGen       total 111104K, used 23571K [0x00000006c2600000, 0x00000006c9280000, 0x000000076b780000)
  object space 111104K, 21% used [0x00000006c2600000,0x00000006c3d04fd0,0x00000006c9280000)
 Metaspace       used 34757K, capacity 35252K, committed 35496K, reserved 1081344K
  class space    used 4339K, capacity 4483K, committed 4528K, reserved 1048576K
}
Event: 2.133 GC heap before
{Heap before GC invocations=5 (full 2):
 PSYoungGen      total 140800K, used 10743K [0x000000076b780000, 0x0000000778a00000, 0x00000007c0000000)
  eden space 130048K, 0% used [0x000000076b780000,0x000000076b780000,0x0000000773680000)
  from space 10752K, 99% used [0x0000000773680000,0x00000007740fdfb8,0x0000000774100000)
  to   space 10752K, 0% used [0x0000000777f80000,0x0000000777f80000,0x0000000778a00000)
 ParOldGen       total 111104K, used 23571K [0x00000006c2600000, 0x00000006c9280000, 0x000000076b780000)
  object space 111104K, 21% used [0x00000006c2600000,0x00000006c3d04fd0,0x00000006c9280000)
 Metaspace       used 34757K, capacity 35252K, committed 35496K, reserved 1081344K
  class space    used 4339K, capacity 4483K, committed 4528K, reserved 1048576K
Event: 2.169 GC heap after
Heap after GC invocations=5 (full 2):
 PSYoungGen      total 140800K, used 0K [0x000000076b780000, 0x0000000778a00000, 0x00000007c0000000)
  eden space 130048K, 0% used [0x000000076b780000,0x000000076b780000,0x0000000773680000)
  from space 10752K, 0% used [0x0000000773680000,0x0000000773680000,0x0000000774100000)
  to   space 10752K, 0% used [0x0000000777f80000,0x0000000777f80000,0x0000000778a00000)
 ParOldGen       total 196096K, used 29526K [0x00000006c2600000, 0x00000006ce580000, 0x000000076b780000)
  object space 196096K, 15% used [0x00000006c2600000,0x00000006c42d59c0,0x00000006ce580000)
 Metaspace       used 34757K, capacity 35252K, committed 35496K, reserved 1081344K
  class space    used 4339K, capacity 4483K, committed 4528K, reserved 1048576K
}
Event: 3.440 GC heap before
{Heap before GC invocations=6 (full 2):
 PSYoungGen      total 140800K, used 130048K [0x000000076b780000, 0x0000000778a00000, 0x00000007c0000000)
  eden space 130048K, 100% used [0x000000076b780000,0x0000000773680000,0x0000000773680000)
  from space 10752K, 0% used [0x0000000773680000,0x0000000773680000,0x0000000774100000)
  to   space 10752K, 0% used [0x0000000777f80000,0x0000000777f80000,0x0000000778a00000)
 ParOldGen       total 196096K, used 29526K [0x00000006c2600000, 0x00000006ce580000, 0x000000076b780000)
  object space 196096K, 15% used [0x00000006c2600000,0x00000006c42d59c0,0x00000006ce580000)
 Metaspace       used 46347K, capacity 47108K, committed 47528K, reserved 1091584K
  class space    used 5709K, capacity 5939K, committed 6064K, reserved 1048576K
Event: 3.454 GC heap after
Heap after GC invocations=6 (full 2):
 PSYoungGen      total 192512K, used 10741K [0x000000076b780000, 0x0000000778a00000, 0x00000007c0000000)
  eden space 181760K, 0% used [0x000000076b780000,0x000000076b780000,0x0000000776900000)
  from space 10752K, 99% used [0x0000000777f80000,0x00000007789fd538,0x0000000778a00000)
  to   space 10752K, 0% used [0x0000000777500000,0x0000000777500000,0x0000000777f80000)
 ParOldGen       total 196096K, used 45905K [0x00000006c2600000, 0x00000006ce580000, 0x000000076b780000)
  object space 196096K, 23% used [0x00000006c2600000,0x00000006c52d45c0,0x00000006ce580000)
 Metaspace       used 46347K, capacity 47108K, committed 47528K, reserved 1091584K
  class space    used 5709K, capacity 5939K, committed 6064K, reserved 1048576K
}
Event: 5.437 GC heap before
{Heap before GC invocations=7 (full 2):
 PSYoungGen      total 192512K, used 192501K [0x000000076b780000, 0x0000000778a00000, 0x00000007c0000000)
  eden space 181760K, 100% used [0x000000076b780000,0x0000000776900000,0x0000000776900000)
  from space 10752K, 99% used [0x0000000777f80000,0x00000007789fd538,0x0000000778a00000)
  to   space 10752K, 0% used [0x0000000777500000,0x0000000777500000,0x0000000777f80000)
 ParOldGen       total 196096K, used 45905K [0x00000006c2600000, 0x00000006ce580000, 0x000000076b780000)
  object space 196096K, 23% used [0x00000006c2600000,0x00000006c52d45c0,0x00000006ce580000)
 Metaspace       used 55555K, capacity 56644K, committed 56872K, reserved 1099776K
  class space    used 6805K, capacity 7117K, committed 7216K, reserved 1048576K
Event: 5.460 GC heap after
Heap after GC invocations=7 (full 2):
 PSYoungGen      total 204800K, used 10733K [0x000000076b780000, 0x0000000780600000, 0x00000007c0000000)
  eden space 194048K, 0% used [0x000000076b780000,0x000000076b780000,0x0000000777500000)
  from space 10752K, 99% used [0x0000000777500000,0x0000000777f7b7b8,0x0000000777f80000)
  to   space 46080K, 0% used [0x000000077d900000,0x000000077d900000,0x0000000780600000)
 ParOldGen       total 196096K, used 77440K [0x00000006c2600000, 0x00000006ce580000, 0x000000076b780000)
  object space 196096K, 39% used [0x00000006c2600000,0x00000006c71a0080,0x00000006ce580000)
 Metaspace       used 55555K, capacity 56644K, committed 56872K, reserved 1099776K
  class space    used 6805K, capacity 7117K, committed 7216K, reserved 1048576K
}

Deoptimization events (10 events):
Event: 6.360 Thread 0x000000000278e800 Uncommon trap: reason=class_check action=maybe_recompile pc=0x0000000004c93cdc method=org.jetbrains.kotlin.resolve.calls.callUtil.CallUtilKt.getCalleeExpressionIfAny(Lorg/jetbrains/kotlin/psi/KtElement;)Lorg/jetbrains/kotlin/psi/KtExpression; @ 14
Event: 6.360 Thread 0x000000000278e800 Uncommon trap: reason=class_check action=maybe_recompile pc=0x0000000004c93cdc method=org.jetbrains.kotlin.resolve.calls.callUtil.CallUtilKt.getCalleeExpressionIfAny(Lorg/jetbrains/kotlin/psi/KtElement;)Lorg/jetbrains/kotlin/psi/KtExpression; @ 14
Event: 6.361 Thread 0x000000000278e800 Uncommon trap: reason=class_check action=maybe_recompile pc=0x0000000004c93cdc method=org.jetbrains.kotlin.resolve.calls.callUtil.CallUtilKt.getCalleeExpressionIfAny(Lorg/jetbrains/kotlin/psi/KtElement;)Lorg/jetbrains/kotlin/psi/KtExpression; @ 14
Event: 6.367 Thread 0x000000000278e800 Uncommon trap: reason=unstable_if action=reinterpret pc=0x0000000004110354 method=org.jetbrains.kotlin.cli.jvm.compiler.KotlinCliJavaFileManagerImpl$findClasses$1$$special$$inlined$forEachClassId$lambda$1.invoke(Lorg/jetbrains/kotlin/com/intellij/openapi/
Event: 6.368 Thread 0x000000000278e800 Uncommon trap: reason=unstable_if action=reinterpret pc=0x0000000004119f98 method=org.jetbrains.kotlin.cli.jvm.compiler.KotlinCliJavaFileManagerImpl$findClasses$1$$special$$inlined$forEachClassId$lambda$1.invoke(Lorg/jetbrains/kotlin/com/intellij/openapi/
Event: 6.369 Thread 0x000000000278e800 Uncommon trap: reason=predicate action=maybe_recompile pc=0x0000000004b8ebac method=org.jetbrains.org.objectweb.asm.ClassReader.readField(Lorg/jetbrains/org/objectweb/asm/ClassVisitor;Lorg/jetbrains/org/objectweb/asm/Context;I)I @ 372
Event: 6.376 Thread 0x000000000278e800 Uncommon trap: reason=class_check action=maybe_recompile pc=0x0000000004c913ac method=org.jetbrains.kotlin.types.checker.ClassicTypeSystemContext$DefaultImpls.getPrimitiveType(Lorg/jetbrains/kotlin/types/checker/ClassicTypeSystemContext;Lorg/jetbrains/kot
Event: 6.376 Thread 0x000000000278e800 Uncommon trap: reason=class_check action=maybe_recompile pc=0x0000000004c913ac method=org.jetbrains.kotlin.types.checker.ClassicTypeSystemContext$DefaultImpls.getPrimitiveType(Lorg/jetbrains/kotlin/types/checker/ClassicTypeSystemContext;Lorg/jetbrains/kot
Event: 6.377 Thread 0x000000000278e800 Uncommon trap: reason=class_check action=maybe_recompile pc=0x0000000004c913ac method=org.jetbrains.kotlin.types.checker.ClassicTypeSystemContext$DefaultImpls.getPrimitiveType(Lorg/jetbrains/kotlin/types/checker/ClassicTypeSystemContext;Lorg/jetbrains/kot
Event: 6.377 Thread 0x000000000278e800 Uncommon trap: reason=class_check action=maybe_recompile pc=0x0000000004c913ac method=org.jetbrains.kotlin.types.checker.ClassicTypeSystemContext$DefaultImpls.getPrimitiveType(Lorg/jetbrains/kotlin/types/checker/ClassicTypeSystemContext;Lorg/jetbrains/kot

Classes redefined (0 events):
No events

Internal exceptions (10 events):
Event: 5.298 Thread 0x000000000278e800 Exception <a 'java/lang/NoSuchMethodError': java.lang.Object.lambda$static$0(I)[Lorg/jetbrains/kotlin/com/intellij/psi/PsiJavaCodeReferenceElement;> (0x00000007760b7b10) thrown at [C:\src\AOSP-openjdk-git\hotspot\src\share\vm\interpreter\linkResolver.cpp,
Event: 5.307 Thread 0x000000000278e800 Exception <a 'java/lang/NoSuchMethodError': java.lang.Object.lambda$static$0()Lorg/jetbrains/kotlin/com/intellij/psi/PsiSubstitutor;> (0x0000000776140ad8) thrown at [C:\src\AOSP-openjdk-git\hotspot\src\share\vm\interpreter\linkResolver.cpp, line 620]
Event: 5.312 Thread 0x000000000278e800 Exception <a 'java/lang/NoSuchMethodError': java.lang.Object.lambda$static$0(I)[Lorg/jetbrains/kotlin/com/intellij/psi/PsiImportStatementBase;> (0x00000007761a36f8) thrown at [C:\src\AOSP-openjdk-git\hotspot\src\share\vm\interpreter\linkResolver.cpp, line
Event: 5.388 Thread 0x000000000278e800 Exception <a 'java/lang/NoSuchMethodError': java.lang.Object.lambda$static$0(I)[Lorg/jetbrains/kotlin/com/intellij/psi/PsiMethod;> (0x00000007766232e8) thrown at [C:\src\AOSP-openjdk-git\hotspot\src\share\vm\interpreter\linkResolver.cpp, line 620]
Event: 5.395 Thread 0x000000000278e800 Exception <a 'java/lang/NoSuchMethodError': java.lang.Object.lambda$static$0(I)[Lorg/jetbrains/kotlin/com/intellij/psi/PsiField;> (0x00000007766982e8) thrown at [C:\src\AOSP-openjdk-git\hotspot\src\share\vm\interpreter\linkResolver.cpp, line 620]
Event: 5.399 Thread 0x000000000278e800 Exception <a 'java/lang/NoSuchMethodError': java.lang.Object.lambda$static$0(I)[Lorg/jetbrains/kotlin/com/intellij/psi/PsiParameter;> (0x00000007766d4bd8) thrown at [C:\src\AOSP-openjdk-git\hotspot\src\share\vm\interpreter\linkResolver.cpp, line 620]
Event: 5.415 Thread 0x000000000278e800 Exception <a 'java/lang/NoSuchMethodError': java.lang.Object.lambda$static$0(I)I> (0x00000007767cc6c8) thrown at [C:\src\AOSP-openjdk-git\hotspot\src\share\vm\interpreter\linkResolver.cpp, line 620]
Event: 5.480 Thread 0x000000000278e800 Exception <a 'java/lang/NoSuchMethodError': java.lang.Object.lambda$static$0(I)[Lorg/jetbrains/kotlin/com/intellij/psi/PsiNameValuePair;> (0x000000076b84d608) thrown at [C:\src\AOSP-openjdk-git\hotspot\src\share\vm\interpreter\linkResolver.cpp, line 620]
Event: 5.484 Thread 0x000000000278e800 Exception <a 'java/lang/NoSuchMethodError': java.lang.Object.lambda$static$0(I)[Lorg/jetbrains/kotlin/com/intellij/psi/PsiAnnotationMemberValue;> (0x000000076b869688) thrown at [C:\src\AOSP-openjdk-git\hotspot\src\share\vm\interpreter\linkResolver.cpp, li
Event: 5.490 Thread 0x000000000278e800 Exception <a 'java/lang/IncompatibleClassChangeError': Found class java.lang.Object, but interface was expected> (0x000000076b88e2f8) thrown at [C:\src\AOSP-openjdk-git\hotspot\src\share\vm\interpreter\linkResolver.cpp, line 653]

Events (10 events):
Event: 6.376 Thread 0x000000000278e800 DEOPT PACKING pc=0x0000000004c913ac sp=0x0000000002517de0
Event: 6.376 Thread 0x000000000278e800 DEOPT UNPACKING pc=0x00000000027d557b sp=0x0000000002517d48 mode 2
Event: 6.377 Thread 0x000000000278e800 Uncommon trap: trap_request=0xffffffde fr.pc=0x0000000004c913ac
Event: 6.377 Thread 0x000000000278e800 DEOPT PACKING pc=0x0000000004c913ac sp=0x0000000002518190
Event: 6.377 Thread 0x000000000278e800 DEOPT UNPACKING pc=0x00000000027d557b sp=0x00000000025180f8 mode 2
Event: 6.377 Thread 0x000000000278e800 Uncommon trap: trap_request=0xffffffde fr.pc=0x0000000004c913ac
Event: 6.377 Thread 0x000000000278e800 DEOPT PACKING pc=0x0000000004c913ac sp=0x0000000002517e70
Event: 6.377 Thread 0x000000000278e800 DEOPT UNPACKING pc=0x00000000027d557b sp=0x0000000002517dd8 mode 2
Event: 6.383 loading class org/jetbrains/kotlin/descriptors/RelationToType$WhenMappings
Event: 6.383 loading class org/jetbrains/kotlin/descriptors/RelationToType$WhenMappings done


Dynamic libraries:
0x00007ff600c80000 - 0x00007ff600cb1000 	D:\Android\jre\jre\bin\java.exe
0x00007ffcf0740000 - 0x00007ffcf0930000 	C:\WINDOWS\SYSTEM32\ntdll.dll
0x00007ffcf0080000 - 0x00007ffcf0132000 	C:\WINDOWS\System32\KERNEL32.DLL
0x00007ffcedfd0000 - 0x00007ffcee275000 	C:\WINDOWS\System32\KERNELBASE.dll
0x00007ffcef870000 - 0x00007ffcef913000 	C:\WINDOWS\System32\ADVAPI32.dll
0x00007ffceea60000 - 0x00007ffceeafe000 	C:\WINDOWS\System32\msvcrt.dll
0x00007ffceff80000 - 0x00007ffcf0017000 	C:\WINDOWS\System32\sechost.dll
0x00007ffcef9a0000 - 0x00007ffcefac0000 	C:\WINDOWS\System32\RPCRT4.dll
0x00007ffcefac0000 - 0x00007ffcefc54000 	C:\WINDOWS\System32\USER32.dll
0x00007ffcedf40000 - 0x00007ffcedf61000 	C:\WINDOWS\System32\win32u.dll
0x00007ffceff50000 - 0x00007ffceff76000 	C:\WINDOWS\System32\GDI32.dll
0x00007ffcee280000 - 0x00007ffcee416000 	C:\WINDOWS\System32\gdi32full.dll
0x00007ffcee750000 - 0x00007ffcee7ee000 	C:\WINDOWS\System32\msvcp_win.dll
0x00007ffcee420000 - 0x00007ffcee51a000 	C:\WINDOWS\System32\ucrtbase.dll
0x00007ffce2240000 - 0x00007ffce24c4000 	C:\WINDOWS\WinSxS\amd64_microsoft.windows.common-controls_6595b64144ccf1df_6.0.18362.1256_none_9e7e379be45e40e2\COMCTL32.dll
0x00007ffcef370000 - 0x00007ffcef6a6000 	C:\WINDOWS\System32\combase.dll
0x00007ffcee520000 - 0x00007ffcee5a1000 	C:\WINDOWS\System32\bcryptPrimitives.dll
0x00007ffcef270000 - 0x00007ffcef29e000 	C:\WINDOWS\System32\IMM32.DLL
0x0000000057d90000 - 0x0000000057e62000 	D:\Android\jre\jre\bin\msvcr100.dll
0x0000000057e70000 - 0x00000000586bb000 	D:\Android\jre\jre\bin\server\jvm.dll
0x00007ffcee7f0000 - 0x00007ffcee7f8000 	C:\WINDOWS\System32\PSAPI.DLL
0x00007ffcdb8d0000 - 0x00007ffcdb8d9000 	C:\WINDOWS\SYSTEM32\WSOCK32.dll
0x00007ffce8a20000 - 0x00007ffce8a44000 	C:\WINDOWS\SYSTEM32\WINMM.dll
0x00007ffce7050000 - 0x00007ffce705a000 	C:\WINDOWS\SYSTEM32\VERSION.dll
0x00007ffcef930000 - 0x00007ffcef99f000 	C:\WINDOWS\System32\WS2_32.dll
0x00007ffce89f0000 - 0x00007ffce8a1d000 	C:\WINDOWS\SYSTEM32\WINMMBASE.dll
0x00007ffcedef0000 - 0x00007ffcedf3a000 	C:\WINDOWS\System32\cfgmgr32.dll
0x00007ffce9c10000 - 0x00007ffce9c1f000 	D:\Android\jre\jre\bin\verify.dll
0x00007ffce8c80000 - 0x00007ffce8ca9000 	D:\Android\jre\jre\bin\java.dll
0x00007ffce9bf0000 - 0x00007ffce9c06000 	D:\Android\jre\jre\bin\zip.dll
0x00007ffceeb00000 - 0x00007ffcef1e7000 	C:\WINDOWS\System32\SHELL32.dll
0x00007ffcee9b0000 - 0x00007ffceea59000 	C:\WINDOWS\System32\shcore.dll
0x00007ffced760000 - 0x00007ffcedee1000 	C:\WINDOWS\System32\windows.storage.dll
0x00007ffced680000 - 0x00007ffced6a3000 	C:\WINDOWS\System32\profapi.dll
0x00007ffced610000 - 0x00007ffced65a000 	C:\WINDOWS\System32\powrprof.dll
0x00007ffced5e0000 - 0x00007ffced5f0000 	C:\WINDOWS\System32\UMPDC.dll
0x00007ffcef7f0000 - 0x00007ffcef842000 	C:\WINDOWS\System32\shlwapi.dll
0x00007ffced660000 - 0x00007ffced671000 	C:\WINDOWS\System32\kernel.appcore.dll
0x00007ffcee700000 - 0x00007ffcee717000 	C:\WINDOWS\System32\cryptsp.dll
0x00007ffcde0b0000 - 0x00007ffcde0ca000 	D:\Android\jre\jre\bin\net.dll
0x00007ffcece30000 - 0x00007ffcece97000 	C:\WINDOWS\system32\mswsock.dll
0x00007ffcdb6e0000 - 0x00007ffcdb6f3000 	D:\Android\jre\jre\bin\nio.dll

VM Arguments:
java_command: org.jetbrains.kotlin.cli.jvm.K2JVMCompiler @D:\Coding\updatedGithub\AndroidDevPractice\app\build\20201225_758987399384432251.compiler.options
java_class_path (initial): C:\Users\Game\.gradle\caches\modules-2\files-2.1\org.jetbrains.kotlin\kotlin-compiler-embeddable\1.4.10\38c4b99d5d5362debdd9302a866730379aa2328a\kotlin-compiler-embeddable-1.4.10.jar;C:\Users\Game\.gradle\caches\modules-2\files-2.1\org.jetbrains.kotlin\kotlin-reflect\1.4.10\e2b3c6695eee6085e606d96d685396dce23a3a06\kotlin-reflect-1.4.10.jar;C:\Users\Game\.gradle\caches\modules-2\files-2.1\org.jetbrains.kotlin\kotlin-stdlib\1.4.10\ea29e063d2bbe695be13e9d044dcfb0c7add398e\kotlin-stdlib-1.4.10.jar;C:\Users\Game\.gradle\caches\modules-2\files-2.1\org.jetbrains.kotlin\kotlin-script-runtime\1.4.10\7c19d9c2001e016cd7664cebe9eea66fc04a7f4f\kotlin-script-runtime-1.4.10.jar;C:\Users\Game\.gradle\caches\modules-2\files-2.1\org.jetbrains.kotlin\kotlin-daemon-embeddable\1.4.10\dbd67f42bed28043d17d7c860b06110a00a45970\kotlin-daemon-embeddable-1.4.10.jar;C:\Users\Game\.gradle\caches\modules-2\files-2.1\org.jetbrains.intellij.deps\trove4j\1.0.20181211\216c2e14b070f334479d800987affe4054cd563f\trove4j-1.0.20181211.jar;C:\Users\Game\.gradle\caches\modules-2\files-2.1\org.jetbrains.kotlin\kotlin-stdlib-common\1.4.10\6229be3465805c99db1142ad75e6c6ddeac0b04c\kotlin-stdlib-common-1.4.10.jar;C:\Users\Game\.gradle\caches\modules-2\files-2.1\org.jetbrains\annotations\13.0\919f0dfe192fb4e063e7dacadee7f8bb9a2672a9\annotations-13.0.jar;D:\Android\jre\lib\tools.jar
Launcher Type: SUN_STANDARD

Environment Variables:
JAVA_HOME=C:\Program Files\Java\jdk1.8.0_201
PATH=C:\Program Files (x86)\Common Files\Oracle\Java\javapath;C:\WINDOWS\system32;C:\WINDOWS;C:\WINDOWS\System32\Wbem;C:\WINDOWS\System32\WindowsPowerShell\v1.0\;C:\WINDOWS\System32\OpenSSH\;C:\Program Files\NVIDIA Corporation\NVIDIA NvDLISR;C:\Program Files (x86)\NVIDIA Corporation\PhysX\Common;C:\ProgramData\chocolatey\bin;C:\WINDOWS\system32;C:\WINDOWS;C:\WINDOWS\System32\Wbem;C:\WINDOWS\System32\WindowsPowerShell\v1.0\;C:\WINDOWS\System32\OpenSSH\;D:\Coding\Programs\Git\cmd;C:\Program Files\Intel\WiFi\bin\;C:\Program Files\Common Files\Intel\WirelessCommon\;C:\Users\Game\AppData\Local\Microsoft\WindowsApps;%USERPROFILE%\AppData\Local\Microsoft\WindowsApps;%GRADLE_HOME%\bin\;D:\GCloud\google-cloud-sdk\bin;C:\Program Files\Intel\WiFi\bin\;C:\Program Files\Common Files\Intel\WirelessCommon\;D:\Exercism
USERNAME=Game
OS=Windows_NT
PROCESSOR_IDENTIFIER=Intel64 Family 6 Model 158 Stepping 10, GenuineIntel



---------------  S Y S T E M  ---------------

OS: Windows 10.0 , 64 bit Build 18362 (10.0.18362.1110)

CPU:total 12 (initial active 12) (6 cores per cpu, 2 threads per core) family 6 model 158 stepping 10, cmov, cx8, fxsr, mmx, sse, sse2, sse3, ssse3, sse4.1, sse4.2, popcnt, avx, avx2, aes, clmul, erms, rtm, 3dnowpref, lzcnt, ht, tsc, tscinvbit, bmi1, bmi2, adx

Memory: 4k page, physical 16618496k(3549140k free), swap 19628032k(5548k free)

vm_info: OpenJDK 64-Bit Server VM (25.242-b01) for windows-amd64 JRE (1.8.0_242-release-1644-b01), built by "builder" with MS VC++ 10.0 (VS2010)

time: Fri Dec 25 00:51:49 2020
timezone: Mountain Standard Time
elapsed time: 6 seconds (0d 0h 0m 6s)

